<?xml version="1.0" encoding="UTF-8"?>
<robot generator="Robot 5.0.1 (Python 3.10.4 on linux)" generated="20220925 20:08:51.195" rpa="false" schemaversion="3">
<suite id="s1" name="Task5" source="/home/marianne/Desktop/myfirsttestcase/task5.robot">
<test id="s1-t1" name="Check multiplier contract parameter" line="192">
<kw name="Login To Deriv">
<kw name="Open Browser" library="SeleniumLibrary">
<arg>https://app.deriv.com/</arg>
<arg>Chrome</arg>
<doc>Opens a new browser instance to the optional ``url``.</doc>
<msg timestamp="20220925 20:08:51.303" level="INFO">Opening browser 'Chrome' to base url 'https://app.deriv.com/'.</msg>
<status status="PASS" starttime="20220925 20:08:51.302" endtime="20220925 20:09:18.810"/>
</kw>
<kw name="Maximize Browser Window" library="SeleniumLibrary">
<doc>Maximizes current browser window.</doc>
<status status="PASS" starttime="20220925 20:09:18.810" endtime="20220925 20:09:18.978"/>
</kw>
<kw name="Wait Until Page Contains Element" library="SeleniumLibrary">
<arg>//div[@class='btn-purchase__text_wrapper' and contains(.,'Fall')]</arg>
<arg>30</arg>
<doc>Waits until the element ``locator`` appears on the current page.</doc>
<status status="PASS" starttime="20220925 20:09:18.978" endtime="20220925 20:09:19.098"/>
</kw>
<kw name="Click Element" library="SeleniumLibrary">
<arg>dt_login_button</arg>
<doc>Click the element identified by ``locator``.</doc>
<msg timestamp="20220925 20:09:19.099" level="INFO">Clicking element 'dt_login_button'.</msg>
<status status="PASS" starttime="20220925 20:09:19.098" endtime="20220925 20:09:35.183"/>
</kw>
<kw name="Wait Until Page Contains Element" library="SeleniumLibrary">
<arg>//input[@type='email']</arg>
<arg>10</arg>
<doc>Waits until the element ``locator`` appears on the current page.</doc>
<status status="PASS" starttime="20220925 20:09:35.183" endtime="20220925 20:09:35.192"/>
</kw>
<kw name="Input Text" library="SeleniumLibrary">
<arg>//input[@type='email']</arg>
<arg>marianne+5@besquare.com.my</arg>
<doc>Types the given ``text`` into the text field identified by ``locator``.</doc>
<msg timestamp="20220925 20:09:35.192" level="INFO">Typing text 'marianne+5@besquare.com.my' into text field '//input[@type='email']'.</msg>
<status status="PASS" starttime="20220925 20:09:35.192" endtime="20220925 20:09:35.245"/>
</kw>
<kw name="Input Text" library="SeleniumLibrary">
<arg>//input[@type='password']</arg>
<arg>Abcd1234</arg>
<doc>Types the given ``text`` into the text field identified by ``locator``.</doc>
<msg timestamp="20220925 20:09:35.245" level="INFO">Typing text 'Abcd1234' into text field '//input[@type='password']'.</msg>
<status status="PASS" starttime="20220925 20:09:35.245" endtime="20220925 20:09:35.294"/>
</kw>
<kw name="Click Element" library="SeleniumLibrary">
<arg>//button[@type='submit']</arg>
<doc>Click the element identified by ``locator``.</doc>
<msg timestamp="20220925 20:09:35.294" level="INFO">Clicking element '//button[@type='submit']'.</msg>
<status status="PASS" starttime="20220925 20:09:35.294" endtime="20220925 20:09:37.640"/>
</kw>
<kw name="Wait Until Page Contains Element" library="SeleniumLibrary">
<arg>dt_core_account-info_acc-info</arg>
<arg>30</arg>
<doc>Waits until the element ``locator`` appears on the current page.</doc>
<status status="PASS" starttime="20220925 20:09:37.640" endtime="20220925 20:09:38.738"/>
</kw>
<status status="PASS" starttime="20220925 20:08:51.302" endtime="20220925 20:09:38.738"/>
</kw>
<kw name="Switch to Virtual Account">
<kw name="Wait Until Element Is Visible" library="SeleniumLibrary">
<arg>//button[@id='dt_purchase_call_button']</arg>
<arg>40</arg>
<doc>Waits until the element ``locator`` is visible.</doc>
<status status="PASS" starttime="20220925 20:09:38.738" endtime="20220925 20:09:40.178"/>
</kw>
<kw name="Click Element" library="SeleniumLibrary">
<arg>dt_core_account-info_acc-info</arg>
<doc>Click the element identified by ``locator``.</doc>
<msg timestamp="20220925 20:09:40.179" level="INFO">Clicking element 'dt_core_account-info_acc-info'.</msg>
<status status="PASS" starttime="20220925 20:09:40.179" endtime="20220925 20:09:40.746"/>
</kw>
<kw name="Click Element" library="SeleniumLibrary">
<arg>//li[@id='real_account_tab']</arg>
<doc>Click the element identified by ``locator``.</doc>
<msg timestamp="20220925 20:09:40.746" level="INFO">Clicking element '//li[@id='real_account_tab']'.</msg>
<status status="PASS" starttime="20220925 20:09:40.746" endtime="20220925 20:09:40.808"/>
</kw>
<kw name="Page Should Contain Element" library="SeleniumLibrary">
<arg>//div[contains(@class,'acc-switcher__account--selected') and contains(@id,'dt_CR')]</arg>
<doc>Verifies that element ``locator`` is found on the current page.</doc>
<msg timestamp="20220925 20:09:40.819" level="INFO">Current page contains element '//div[contains(@class,'acc-switcher__account--selected') and contains(@id,'dt_CR')]'.</msg>
<status status="PASS" starttime="20220925 20:09:40.809" endtime="20220925 20:09:40.819"/>
</kw>
<kw name="Wait Until Page Contains Element" library="SeleniumLibrary">
<arg>//li[@id='dt_core_account-switcher_demo-tab']</arg>
<arg>30</arg>
<doc>Waits until the element ``locator`` appears on the current page.</doc>
<status status="PASS" starttime="20220925 20:09:40.819" endtime="20220925 20:09:40.828"/>
</kw>
<kw name="Click Element" library="SeleniumLibrary">
<arg>//li[@id='dt_core_account-switcher_demo-tab']</arg>
<doc>Click the element identified by ``locator``.</doc>
<msg timestamp="20220925 20:09:40.828" level="INFO">Clicking element '//li[@id='dt_core_account-switcher_demo-tab']'.</msg>
<status status="PASS" starttime="20220925 20:09:40.828" endtime="20220925 20:09:41.071"/>
</kw>
<kw name="Click Element" library="SeleniumLibrary">
<arg>//div[@class='dc-content-expander__content']</arg>
<doc>Click the element identified by ``locator``.</doc>
<msg timestamp="20220925 20:09:41.071" level="INFO">Clicking element '//div[@class='dc-content-expander__content']'.</msg>
<status status="PASS" starttime="20220925 20:09:41.071" endtime="20220925 20:09:41.295"/>
</kw>
<kw name="Page Should Contain Element" library="SeleniumLibrary">
<arg>//div[contains(@id,"dt_VRTC")]</arg>
<doc>Verifies that element ``locator`` is found on the current page.</doc>
<msg timestamp="20220925 20:09:41.316" level="INFO">Current page contains element '//div[contains(@id,"dt_VRTC")]'.</msg>
<status status="PASS" starttime="20220925 20:09:41.296" endtime="20220925 20:09:41.316"/>
</kw>
<status status="PASS" starttime="20220925 20:09:38.738" endtime="20220925 20:09:41.316"/>
</kw>
<kw name="Select underlying contract">
<kw name="Wait Until Element Is Visible" library="SeleniumLibrary">
<arg>//div[@class='btn-purchase__text_wrapper' and contains(.,'Rise')]</arg>
<arg>30</arg>
<doc>Waits until the element ``locator`` is visible.</doc>
<status status="PASS" starttime="20220925 20:09:41.317" endtime="20220925 20:09:48.342"/>
</kw>
<kw name="Wait Until Page Contains Element" library="SeleniumLibrary">
<arg>//div[@class='cq-symbol-select-btn']</arg>
<arg>30</arg>
<doc>Waits until the element ``locator`` appears on the current page.</doc>
<status status="PASS" starttime="20220925 20:09:48.342" endtime="20220925 20:09:48.350"/>
</kw>
<kw name="Click Element" library="SeleniumLibrary">
<arg>//div[@class='cq-symbol-select-btn']</arg>
<doc>Click the element identified by ``locator``.</doc>
<msg timestamp="20220925 20:09:48.350" level="INFO">Clicking element '//div[@class='cq-symbol-select-btn']'.</msg>
<status status="PASS" starttime="20220925 20:09:48.350" endtime="20220925 20:09:48.397"/>
</kw>
<kw name="Wait Until Page Contains Element" library="SeleniumLibrary">
<arg>//*[@class="sc-dialog cq-menu-dropdown cq-menu-dropdown-enter-done"]</arg>
<arg>30</arg>
<doc>Waits until the element ``locator`` appears on the current page.</doc>
<status status="PASS" starttime="20220925 20:09:48.397" endtime="20220925 20:09:48.877"/>
</kw>
<status status="PASS" starttime="20220925 20:09:41.317" endtime="20220925 20:09:48.877"/>
</kw>
<kw name="Click Element" library="SeleniumLibrary">
<arg>${synthetic_indices}</arg>
<doc>Click the element identified by ``locator``.</doc>
<msg timestamp="20220925 20:09:48.878" level="INFO">Clicking element '//div[@class='sc-mcd__filter__item sc-mcd__filter__item--selected']'.</msg>
<status status="PASS" starttime="20220925 20:09:48.877" endtime="20220925 20:09:48.997"/>
</kw>
<kw name="Wait Until Element Is Visible" library="SeleniumLibrary">
<arg>${volatility50}</arg>
<arg>30</arg>
<doc>Waits until the element ``locator`` is visible.</doc>
<status status="PASS" starttime="20220925 20:09:48.998" endtime="20220925 20:09:49.030"/>
</kw>
<kw name="Click Element" library="SeleniumLibrary">
<arg>${volatility50}</arg>
<doc>Click the element identified by ``locator``.</doc>
<msg timestamp="20220925 20:09:49.031" level="INFO">Clicking element '//div[@class='sc-mcd__item sc-mcd__item--R_50 ']'.</msg>
<status status="PASS" starttime="20220925 20:09:49.031" endtime="20220925 20:09:49.197"/>
</kw>
<kw name="Select contract type">
<kw name="Wait Until Page Contains Element" library="SeleniumLibrary">
<arg>//div[@class='btn-purchase__text_wrapper' and contains(.,'Rise')]</arg>
<arg>30</arg>
<doc>Waits until the element ``locator`` appears on the current page.</doc>
<status status="PASS" starttime="20220925 20:09:49.197" endtime="20220925 20:09:50.220"/>
</kw>
<kw name="Click Element" library="SeleniumLibrary">
<arg>//div[@class='contract-type-widget__display']</arg>
<doc>Click the element identified by ``locator``.</doc>
<msg timestamp="20220925 20:09:50.221" level="INFO">Clicking element '//div[@class='contract-type-widget__display']'.</msg>
<status status="PASS" starttime="20220925 20:09:50.221" endtime="20220925 20:09:50.273"/>
</kw>
<kw name="Wait Until Page Contains Element" library="SeleniumLibrary">
<arg>//div[@class='dc-vertical-tab__content-container']</arg>
<arg>30</arg>
<doc>Waits until the element ``locator`` appears on the current page.</doc>
<status status="PASS" starttime="20220925 20:09:50.274" endtime="20220925 20:09:50.295"/>
</kw>
<status status="PASS" starttime="20220925 20:09:49.197" endtime="20220925 20:09:50.295"/>
</kw>
<kw name="Click Element" library="SeleniumLibrary">
<arg>//div[@id='dt_contract_multiplier_item']</arg>
<doc>Click the element identified by ``locator``.</doc>
<msg timestamp="20220925 20:09:50.296" level="INFO">Clicking element '//div[@id='dt_contract_multiplier_item']'.</msg>
<status status="PASS" starttime="20220925 20:09:50.295" endtime="20220925 20:09:50.509"/>
</kw>
<kw name="Wait Until Page Contains Element" library="SeleniumLibrary">
<arg>//button[@id='dt_purchase_multup_button']</arg>
<arg>30</arg>
<doc>Waits until the element ``locator`` appears on the current page.</doc>
<status status="PASS" starttime="20220925 20:09:50.510" endtime="20220925 20:09:50.528"/>
</kw>
<kw name="Element Text Should Be" library="SeleniumLibrary">
<arg>//span[contains(@class,'-info--left')]</arg>
<arg>Stake</arg>
<doc>Verifies that element ``locator`` contains exact the text ``expected``.</doc>
<msg timestamp="20220925 20:09:50.530" level="INFO">Verifying element '//span[contains(@class,'-info--left')]' contains exact text 'Stake'.</msg>
<status status="PASS" starttime="20220925 20:09:50.529" endtime="20220925 20:09:50.574"/>
</kw>
<kw name="Element Text Should Not Be" library="SeleniumLibrary">
<arg>//span[contains(@class,'-info--left')]</arg>
<arg>Payout</arg>
<doc>Verifies that element ``locator`` does not contain exact the text ``not_expected``.</doc>
<msg timestamp="20220925 20:09:50.574" level="INFO">Verifying element '//span[contains(@class,'-info--left')]' does not contain exact text 'Payout'.</msg>
<status status="PASS" starttime="20220925 20:09:50.574" endtime="20220925 20:09:50.620"/>
</kw>
<kw name="Check take profit checkbox">
<kw name="Click Element" library="SeleniumLibrary">
<arg>${take_profit}</arg>
<doc>Click the element identified by ``locator``.</doc>
<msg timestamp="20220925 20:09:50.621" level="INFO">Clicking element '//label[@class='dc-checkbox take_profit-checkbox__input']'.</msg>
<status status="PASS" starttime="20220925 20:09:50.621" endtime="20220925 20:09:50.687"/>
</kw>
<kw name="Checkbox Should Be Selected" library="SeleniumLibrary">
<arg>${tp_checkbox}</arg>
<doc>Verifies checkbox ``locator`` is selected/checked.</doc>
<msg timestamp="20220925 20:09:50.687" level="INFO">Verifying checkbox '//input[@id='dc_take_profit-checkbox_input']' is selected.</msg>
<status status="PASS" starttime="20220925 20:09:50.687" endtime="20220925 20:09:50.712"/>
</kw>
<kw name="Checkbox Should Not Be Selected" library="SeleniumLibrary">
<arg>${dc_checkbox}</arg>
<doc>Verifies checkbox ``locator`` is not selected/checked.</doc>
<msg timestamp="20220925 20:09:50.712" level="INFO">Verifying checkbox '//input[@id='dt_cancellation-checkbox_input']' is not selected.</msg>
<status status="PASS" starttime="20220925 20:09:50.712" endtime="20220925 20:09:50.736"/>
</kw>
<kw name="Wait Until Page Contains Element" library="SeleniumLibrary">
<arg>${take_profit input field}</arg>
<arg>30</arg>
<doc>Waits until the element ``locator`` appears on the current page.</doc>
<status status="PASS" starttime="20220925 20:09:50.736" endtime="20220925 20:09:50.745"/>
</kw>
<status status="PASS" starttime="20220925 20:09:50.621" endtime="20220925 20:09:50.745"/>
</kw>
<kw name="Check stop loss checkbox">
<kw name="Click Element" library="SeleniumLibrary">
<arg>${stop_loss}</arg>
<doc>Click the element identified by ``locator``.</doc>
<msg timestamp="20220925 20:09:50.745" level="INFO">Clicking element '//label[@class='dc-checkbox stop_loss-checkbox__input']'.</msg>
<status status="PASS" starttime="20220925 20:09:50.745" endtime="20220925 20:09:50.816"/>
</kw>
<kw name="Checkbox Should Be Selected" library="SeleniumLibrary">
<arg>${sl_checkbox}</arg>
<doc>Verifies checkbox ``locator`` is selected/checked.</doc>
<msg timestamp="20220925 20:09:50.816" level="INFO">Verifying checkbox '//input[@id='dc_stop_loss-checkbox_input']' is selected.</msg>
<status status="PASS" starttime="20220925 20:09:50.816" endtime="20220925 20:09:50.840"/>
</kw>
<kw name="Checkbox Should Not Be Selected" library="SeleniumLibrary">
<arg>${dc_checkbox}</arg>
<doc>Verifies checkbox ``locator`` is not selected/checked.</doc>
<msg timestamp="20220925 20:09:50.840" level="INFO">Verifying checkbox '//input[@id='dt_cancellation-checkbox_input']' is not selected.</msg>
<status status="PASS" starttime="20220925 20:09:50.840" endtime="20220925 20:09:50.855"/>
</kw>
<kw name="Wait Until Page Contains Element" library="SeleniumLibrary">
<arg>${stop_loss input field}</arg>
<arg>30</arg>
<doc>Waits until the element ``locator`` appears on the current page.</doc>
<status status="PASS" starttime="20220925 20:09:50.855" endtime="20220925 20:09:50.862"/>
</kw>
<status status="PASS" starttime="20220925 20:09:50.745" endtime="20220925 20:09:50.862"/>
</kw>
<kw name="Check deal cancellation checkbox">
<kw name="Click Element" library="SeleniumLibrary">
<arg>${deal_cancellation}</arg>
<doc>Click the element identified by ``locator``.</doc>
<msg timestamp="20220925 20:09:50.863" level="INFO">Clicking element '//label[@for='dt_cancellation-checkbox_input']'.</msg>
<status status="PASS" starttime="20220925 20:09:50.863" endtime="20220925 20:09:50.940"/>
</kw>
<kw name="Wait Until Page Contains Element" library="SeleniumLibrary">
<arg>${checked dc_checkbox}</arg>
<arg>60</arg>
<doc>Waits until the element ``locator`` appears on the current page.</doc>
<status status="PASS" starttime="20220925 20:09:50.940" endtime="20220925 20:09:50.964"/>
</kw>
<kw name="Wait Until Page Does Not Contain Element" library="SeleniumLibrary">
<arg>${take_profit input field}</arg>
<arg>60</arg>
<doc>Waits until the element ``locator`` disappears from the current page.</doc>
<status status="PASS" starttime="20220925 20:09:50.965" endtime="20220925 20:09:50.974"/>
</kw>
<kw name="Wait Until Page Does Not Contain Element" library="SeleniumLibrary">
<arg>${stop_loss input field}</arg>
<arg>60</arg>
<doc>Waits until the element ``locator`` disappears from the current page.</doc>
<status status="PASS" starttime="20220925 20:09:50.974" endtime="20220925 20:09:50.979"/>
</kw>
<kw name="Click Element" library="SeleniumLibrary">
<arg>${deal_cancellation}</arg>
<doc>Click the element identified by ``locator``.</doc>
<msg timestamp="20220925 20:09:50.980" level="INFO">Clicking element '//label[@for='dt_cancellation-checkbox_input']'.</msg>
<status status="PASS" starttime="20220925 20:09:50.979" endtime="20220925 20:09:51.039"/>
</kw>
<status status="PASS" starttime="20220925 20:09:50.863" endtime="20220925 20:09:51.039"/>
</kw>
<kw name="Verifying multiplier options">
<kw name="Wait Until Page Contains Element" library="SeleniumLibrary">
<arg>//span[@class='dc-text dc-dropdown__display-text' and @name='multiplier']</arg>
<arg>30</arg>
<doc>Waits until the element ``locator`` appears on the current page.</doc>
<status status="PASS" starttime="20220925 20:09:51.040" endtime="20220925 20:09:51.052"/>
</kw>
<kw name="Click Element" library="SeleniumLibrary">
<arg>//span[@class='dc-text dc-dropdown__display-text' and @name='multiplier']</arg>
<doc>Click the element identified by ``locator``.</doc>
<msg timestamp="20220925 20:09:51.053" level="INFO">Clicking element '//span[@class='dc-text dc-dropdown__display-text' and @name='multiplier']'.</msg>
<status status="PASS" starttime="20220925 20:09:51.053" endtime="20220925 20:09:51.099"/>
</kw>
<kw name="Wait Until Element Is Visible" library="SeleniumLibrary">
<arg>//div[@class='dc-list__item dc-list__item--selected' and contains(@id,'20')]</arg>
<arg>60</arg>
<doc>Waits until the element ``locator`` is visible.</doc>
<status status="PASS" starttime="20220925 20:09:51.099" endtime="20220925 20:09:51.345"/>
</kw>
<kw name="Element Should Contain" library="SeleniumLibrary">
<arg>//div[@class='dc-list__item dc-list__item--selected']</arg>
<arg>x20</arg>
<doc>Verifies that element ``locator`` contains text ``expected``.</doc>
<msg timestamp="20220925 20:09:51.365" level="INFO">Element '//div[@class='dc-list__item dc-list__item--selected']' contains text 'x20'.</msg>
<status status="PASS" starttime="20220925 20:09:51.345" endtime="20220925 20:09:51.365"/>
</kw>
<kw name="Element Should Contain" library="SeleniumLibrary">
<arg>//div[@class='dc-list__item' and contains(@id,'40')]</arg>
<arg>x40</arg>
<doc>Verifies that element ``locator`` contains text ``expected``.</doc>
<msg timestamp="20220925 20:09:51.381" level="INFO">Element '//div[@class='dc-list__item' and contains(@id,'40')]' contains text 'x40'.</msg>
<status status="PASS" starttime="20220925 20:09:51.365" endtime="20220925 20:09:51.381"/>
</kw>
<kw name="Element Should Contain" library="SeleniumLibrary">
<arg>//div[@class='dc-list__item' and contains(@id,'60')]</arg>
<arg>x60</arg>
<doc>Verifies that element ``locator`` contains text ``expected``.</doc>
<msg timestamp="20220925 20:09:51.398" level="INFO">Element '//div[@class='dc-list__item' and contains(@id,'60')]' contains text 'x60'.</msg>
<status status="PASS" starttime="20220925 20:09:51.382" endtime="20220925 20:09:51.398"/>
</kw>
<kw name="Element Should Contain" library="SeleniumLibrary">
<arg>//div[@class='dc-list__item' and contains(@id,'100')]</arg>
<arg>x100</arg>
<doc>Verifies that element ``locator`` contains text ``expected``.</doc>
<msg timestamp="20220925 20:09:51.415" level="INFO">Element '//div[@class='dc-list__item' and contains(@id,'100')]' contains text 'x100'.</msg>
<status status="PASS" starttime="20220925 20:09:51.399" endtime="20220925 20:09:51.415"/>
</kw>
<kw name="Element Should Contain" library="SeleniumLibrary">
<arg>//div[@class='dc-list__item' and contains(@id,'200')]</arg>
<arg>x200</arg>
<doc>Verifies that element ``locator`` contains text ``expected``.</doc>
<msg timestamp="20220925 20:09:51.432" level="INFO">Element '//div[@class='dc-list__item' and contains(@id,'200')]' contains text 'x200'.</msg>
<status status="PASS" starttime="20220925 20:09:51.415" endtime="20220925 20:09:51.432"/>
</kw>
<status status="PASS" starttime="20220925 20:09:51.040" endtime="20220925 20:09:51.432"/>
</kw>
<kw name="Deal cancellation fee should correlate with the stake value">
<kw name="Click Element" library="SeleniumLibrary">
<arg>${deal_cancellation}</arg>
<doc>Click the element identified by ``locator``.</doc>
<msg timestamp="20220925 20:09:51.433" level="INFO">Clicking element '//label[@for='dt_cancellation-checkbox_input']'.</msg>
<status status="PASS" starttime="20220925 20:09:51.432" endtime="20220925 20:09:51.505"/>
</kw>
<kw name="Wait Until Page Contains Element" library="SeleniumLibrary">
<arg>${checked dc_checkbox}</arg>
<doc>Waits until the element ``locator`` appears on the current page.</doc>
<status status="PASS" starttime="20220925 20:09:51.506" endtime="20220925 20:09:51.512"/>
</kw>
<kw name="Click Element" library="SeleniumLibrary">
<arg>${multiplier_stake_amount_input}</arg>
<doc>Click the element identified by ``locator``.</doc>
<msg timestamp="20220925 20:09:51.512" level="INFO">Clicking element '//input[@id='dt_amount_input' and contains(@value,'')]'.</msg>
<status status="PASS" starttime="20220925 20:09:51.512" endtime="20220925 20:09:51.560"/>
</kw>
<kw name="Press Keys" library="SeleniumLibrary">
<arg>${multiplier_stake_amount_input}</arg>
<arg>CTRL+a+BACKSPACE</arg>
<doc>Simulates the user pressing key(s) to an element or on the active browser.</doc>
<msg timestamp="20220925 20:09:51.561" level="INFO">Sending key(s) ('CTRL+a+BACKSPACE',) to //input[@id='dt_amount_input' and contains(@value,'')] element.</msg>
<msg timestamp="20220925 20:09:51.839" level="INFO">Pressing special key CONTROL down.</msg>
<msg timestamp="20220925 20:09:51.839" level="INFO">Sending key a</msg>
<msg timestamp="20220925 20:09:51.839" level="INFO">Pressing special key BACKSPACE down.</msg>
<msg timestamp="20220925 20:09:51.839" level="INFO">Releasing special key CONTROL.</msg>
<msg timestamp="20220925 20:09:51.839" level="INFO">Releasing special key BACKSPACE.</msg>
<status status="PASS" starttime="20220925 20:09:51.561" endtime="20220925 20:09:51.864"/>
</kw>
<kw name="Input Text" library="SeleniumLibrary">
<arg>${multiplier_stake_amount_input}</arg>
<arg>10</arg>
<doc>Types the given ``text`` into the text field identified by ``locator``.</doc>
<msg timestamp="20220925 20:09:51.864" level="INFO">Typing text '10' into text field '//input[@id='dt_amount_input' and contains(@value,'')]'.</msg>
<status status="PASS" starttime="20220925 20:09:51.864" endtime="20220925 20:09:51.930"/>
</kw>
<kw name="Wait Until Element Is Visible" library="SeleniumLibrary">
<arg>${deal cancellation fee}</arg>
<doc>Waits until the element ``locator`` is visible.</doc>
<status status="PASS" starttime="20220925 20:09:51.930" endtime="20220925 20:09:53.458"/>
</kw>
<kw name="Page Should Contain Element" library="SeleniumLibrary">
<arg>${dc multiply up id}</arg>
<doc>Verifies that element ``locator`` is found on the current page.</doc>
<msg timestamp="20220925 20:09:53.475" level="INFO">Current page contains element '//*[contains(@id,'dt_purchase_multup_price')]'.</msg>
<status status="PASS" starttime="20220925 20:09:53.458" endtime="20220925 20:09:53.475"/>
</kw>
<kw name="Page Should Contain Element" library="SeleniumLibrary">
<arg>${dc multiply down id}</arg>
<doc>Verifies that element ``locator`` is found on the current page.</doc>
<msg timestamp="20220925 20:09:53.491" level="INFO">Current page contains element '//*[contains(@id,'dt_purchase_multdown_price')]'.</msg>
<status status="PASS" starttime="20220925 20:09:53.475" endtime="20220925 20:09:53.491"/>
</kw>
<kw name="Wait Until Page Contains Element" library="SeleniumLibrary">
<arg>${dc multiply up cancellation fee}</arg>
<doc>Waits until the element ``locator`` appears on the current page.</doc>
<status status="PASS" starttime="20220925 20:09:53.491" endtime="20220925 20:09:53.500"/>
</kw>
<kw name="Page Should Contain Element" library="SeleniumLibrary">
<arg>${dc multiply up cancellation fee}</arg>
<doc>Verifies that element ``locator`` is found on the current page.</doc>
<msg timestamp="20220925 20:09:53.509" level="INFO">Current page contains element '//*[@id="dt_purchase_multup_price"]/div/div[2]/span'.</msg>
<status status="PASS" starttime="20220925 20:09:53.500" endtime="20220925 20:09:53.509"/>
</kw>
<kw name="Page Should Contain Element" library="SeleniumLibrary">
<arg>${dc multiply down cancellation fee}</arg>
<doc>Verifies that element ``locator`` is found on the current page.</doc>
<msg timestamp="20220925 20:09:53.518" level="INFO">Current page contains element '//*[@id="dt_purchase_multdown_price"]/div/div[2]/span'.</msg>
<status status="PASS" starttime="20220925 20:09:53.510" endtime="20220925 20:09:53.518"/>
</kw>
<kw name="Should Be Equal" library="BuiltIn">
<arg>${dc multiply up cancellation fee}</arg>
<arg>${dc multiply down cancellation fee}</arg>
<doc>Fails if the given objects are unequal.</doc>
<msg timestamp="20220925 20:09:53.519" level="FAIL">//*[@id="dt_purchase_multup_price"]/div/div[2]/span != //*[@id="dt_purchase_multdown_price"]/div/div[2]/span</msg>
<status status="FAIL" starttime="20220925 20:09:53.519" endtime="20220925 20:09:53.520"/>
</kw>
<status status="FAIL" starttime="20220925 20:09:51.432" endtime="20220925 20:09:53.520"/>
</kw>
<status status="FAIL" starttime="20220925 20:08:51.302" endtime="20220925 20:09:53.521">//*[@id="dt_purchase_multup_price"]/div/div[2]/span != //*[@id="dt_purchase_multdown_price"]/div/div[2]/span</status>
</test>
<status status="FAIL" starttime="20220925 20:08:51.196" endtime="20220925 20:09:53.521"/>
</suite>
<statistics>
<total>
<stat pass="0" fail="1" skip="0">All Tests</stat>
</total>
<tag>
</tag>
<suite>
<stat pass="0" fail="1" skip="0" id="s1" name="Task5">Task5</stat>
</suite>
</statistics>
<errors>
</errors>
</robot>
