<?xml version="1.0" encoding="UTF-8"?>
<robot generator="Robot 5.0.1 (Python 3.10.4 on linux)" generated="20220924 01:09:49.007" rpa="false" schemaversion="3">
<suite id="s1" name="Account Closing" source="/home/marianne/Desktop/myfirsttestcase/Day 8/account closing/account_closing.robot">
<test id="s1-t1" name="Verifying close your account page" line="138">
<kw name="Login To Deriv">
<kw name="Open Browser" library="SeleniumLibrary">
<arg>https://app.deriv.com/</arg>
<arg>Chrome</arg>
<doc>Opens a new browser instance to the optional ``url``.</doc>
<msg timestamp="20220924 01:09:49.110" level="INFO">Opening browser 'Chrome' to base url 'https://app.deriv.com/'.</msg>
<status status="PASS" starttime="20220924 01:09:49.109" endtime="20220924 01:09:52.819"/>
</kw>
<kw name="Maximize Browser Window" library="SeleniumLibrary">
<doc>Maximizes current browser window.</doc>
<status status="PASS" starttime="20220924 01:09:52.819" endtime="20220924 01:09:52.924"/>
</kw>
<kw name="Wait Until Page Contains Element" library="SeleniumLibrary">
<arg>//div[@class='btn-purchase__text_wrapper' and contains(.,'Fall')]</arg>
<arg>30</arg>
<doc>Waits until the element ``locator`` appears on the current page.</doc>
<status status="PASS" starttime="20220924 01:09:52.924" endtime="20220924 01:09:55.320"/>
</kw>
<kw name="Click Element" library="SeleniumLibrary">
<arg>dt_login_button</arg>
<doc>Click the element identified by ``locator``.</doc>
<msg timestamp="20220924 01:09:55.321" level="INFO">Clicking element 'dt_login_button'.</msg>
<status status="PASS" starttime="20220924 01:09:55.321" endtime="20220924 01:09:59.487"/>
</kw>
<kw name="Wait Until Page Contains Element" library="SeleniumLibrary">
<arg>//input[@type='email']</arg>
<arg>10</arg>
<doc>Waits until the element ``locator`` appears on the current page.</doc>
<status status="PASS" starttime="20220924 01:09:59.487" endtime="20220924 01:09:59.496"/>
</kw>
<kw name="Input Text" library="SeleniumLibrary">
<arg>//input[@type='email']</arg>
<arg>marianne+5@besquare.com.my</arg>
<doc>Types the given ``text`` into the text field identified by ``locator``.</doc>
<msg timestamp="20220924 01:09:59.496" level="INFO">Typing text 'marianne+5@besquare.com.my' into text field '//input[@type='email']'.</msg>
<status status="PASS" starttime="20220924 01:09:59.496" endtime="20220924 01:09:59.545"/>
</kw>
<kw name="Input Text" library="SeleniumLibrary">
<arg>//input[@type='password']</arg>
<arg>Abcd1234</arg>
<doc>Types the given ``text`` into the text field identified by ``locator``.</doc>
<msg timestamp="20220924 01:09:59.546" level="INFO">Typing text 'Abcd1234' into text field '//input[@type='password']'.</msg>
<status status="PASS" starttime="20220924 01:09:59.546" endtime="20220924 01:09:59.599"/>
</kw>
<kw name="Click Element" library="SeleniumLibrary">
<arg>//button[@type='submit']</arg>
<doc>Click the element identified by ``locator``.</doc>
<msg timestamp="20220924 01:09:59.600" level="INFO">Clicking element '//button[@type='submit']'.</msg>
<status status="PASS" starttime="20220924 01:09:59.600" endtime="20220924 01:10:02.723"/>
</kw>
<kw name="Wait Until Page Contains Element" library="SeleniumLibrary">
<arg>dt_core_account-info_acc-info</arg>
<arg>30</arg>
<doc>Waits until the element ``locator`` appears on the current page.</doc>
<status status="PASS" starttime="20220924 01:10:02.723" endtime="20220924 01:10:03.017"/>
</kw>
<status status="PASS" starttime="20220924 01:09:49.109" endtime="20220924 01:10:03.017"/>
</kw>
<kw name="Sleep" library="BuiltIn">
<arg>2</arg>
<doc>Pauses the test executed for the given time.</doc>
<msg timestamp="20220924 01:10:05.018" level="INFO">Slept 2 seconds</msg>
<status status="PASS" starttime="20220924 01:10:03.017" endtime="20220924 01:10:05.018"/>
</kw>
<kw name="Verify close accounts settings">
<kw name="Wait Until Element Is Visible" library="SeleniumLibrary">
<arg>//*[@class='dc-icon']</arg>
<arg>120</arg>
<doc>Waits until the element ``locator`` is visible.</doc>
<status status="PASS" starttime="20220924 01:10:05.018" endtime="20220924 01:10:05.371"/>
</kw>
<kw name="Sleep" library="BuiltIn">
<arg>3</arg>
<doc>Pauses the test executed for the given time.</doc>
<msg timestamp="20220924 01:10:08.371" level="INFO">Slept 3 seconds</msg>
<status status="PASS" starttime="20220924 01:10:05.371" endtime="20220924 01:10:08.371"/>
</kw>
<kw name="Click Element" library="SeleniumLibrary">
<arg>//a[@class='account-settings-toggle']</arg>
<doc>Click the element identified by ``locator``.</doc>
<msg timestamp="20220924 01:10:08.372" level="INFO">Clicking element '//a[@class='account-settings-toggle']'.</msg>
<status status="PASS" starttime="20220924 01:10:08.371" endtime="20220924 01:10:08.477"/>
</kw>
<kw name="Wait Until Page Contains Element" library="SeleniumLibrary">
<arg>//*[contains(@id,'dc_close-your-account_link')]</arg>
<arg>30</arg>
<doc>Waits until the element ``locator`` appears on the current page.</doc>
<status status="PASS" starttime="20220924 01:10:08.477" endtime="20220924 01:10:08.883"/>
</kw>
<kw name="Click Element" library="SeleniumLibrary">
<arg>//*[contains(@id,'dc_close-your-account_link')]</arg>
<doc>Click the element identified by ``locator``.</doc>
<msg timestamp="20220924 01:10:08.884" level="INFO">Clicking element '//*[contains(@id,'dc_close-your-account_link')]'.</msg>
<status status="PASS" starttime="20220924 01:10:08.883" endtime="20220924 01:10:08.981"/>
</kw>
<kw name="Wait Until Page Contains Element" library="SeleniumLibrary">
<arg>//*[contains(@class,'closing-account__steps')]</arg>
<doc>Waits until the element ``locator`` appears on the current page.</doc>
<status status="PASS" starttime="20220924 01:10:08.981" endtime="20220924 01:10:08.993"/>
</kw>
<kw name="Page Should Contain Element" library="SeleniumLibrary">
<arg>${cancel close my account button}</arg>
<doc>Verifies that element ``locator`` is found on the current page.</doc>
<msg timestamp="20220924 01:10:09.000" level="INFO">Current page contains element '//*[contains(@class,'button--cancel')]'.</msg>
<status status="PASS" starttime="20220924 01:10:08.993" endtime="20220924 01:10:09.000"/>
</kw>
<kw name="Page Should Contain Element" library="SeleniumLibrary">
<arg>${close my account button}</arg>
<doc>Verifies that element ``locator`` is found on the current page.</doc>
<msg timestamp="20220924 01:10:09.009" level="INFO">Current page contains element '//*[contains(@class,'--close-account')]'.</msg>
<status status="PASS" starttime="20220924 01:10:09.000" endtime="20220924 01:10:09.009"/>
</kw>
<kw name="Page Should Contain Element" library="SeleniumLibrary">
<arg>${link for security and privacy policy}</arg>
<doc>Verifies that element ``locator`` is found on the current page.</doc>
<msg timestamp="20220924 01:10:09.016" level="INFO">Current page contains element '//a[contains(@href,'pdf')]'.</msg>
<status status="PASS" starttime="20220924 01:10:09.009" endtime="20220924 01:10:09.016"/>
</kw>
<kw name="Page Should Contain Element" library="SeleniumLibrary">
<arg>${close button}</arg>
<doc>Verifies that element ``locator`` is found on the current page.</doc>
<msg timestamp="20220924 01:10:09.041" level="INFO">Current page contains element '//*[contains(@data-testid,'page_overlay_header_close')]'.</msg>
<status status="PASS" starttime="20220924 01:10:09.016" endtime="20220924 01:10:09.041"/>
</kw>
<status status="PASS" starttime="20220924 01:10:05.018" endtime="20220924 01:10:09.042"/>
</kw>
<kw name="Click cancel button">
<kw name="Click Element" library="SeleniumLibrary">
<arg>${cancel close my account button}</arg>
<doc>Click the element identified by ``locator``.</doc>
<msg timestamp="20220924 01:10:09.043" level="INFO">Clicking element '//*[contains(@class,'button--cancel')]'.</msg>
<status status="PASS" starttime="20220924 01:10:09.042" endtime="20220924 01:10:09.216"/>
</kw>
<kw name="Wait Until Page Contains Element" library="SeleniumLibrary">
<arg>//*[contains(@id,'dt_purchase_call_button')]</arg>
<arg>30</arg>
<doc>Waits until the element ``locator`` appears on the current page.</doc>
<status status="PASS" starttime="20220924 01:10:09.216" endtime="20220924 01:10:09.379"/>
</kw>
<kw name="Page Should Contain Element" library="SeleniumLibrary">
<arg>//*[contains(@id,'dt_purchase_call_button')]</arg>
<doc>Verifies that element ``locator`` is found on the current page.</doc>
<msg timestamp="20220924 01:10:09.408" level="INFO">Current page contains element '//*[contains(@id,'dt_purchase_call_button')]'.</msg>
<status status="PASS" starttime="20220924 01:10:09.379" endtime="20220924 01:10:09.408"/>
</kw>
<status status="PASS" starttime="20220924 01:10:09.042" endtime="20220924 01:10:09.408"/>
</kw>
<kw name="Verify close accounts settings">
<kw name="Wait Until Element Is Visible" library="SeleniumLibrary">
<arg>//*[@class='dc-icon']</arg>
<arg>120</arg>
<doc>Waits until the element ``locator`` is visible.</doc>
<status status="PASS" starttime="20220924 01:10:09.408" endtime="20220924 01:10:09.426"/>
</kw>
<kw name="Sleep" library="BuiltIn">
<arg>3</arg>
<doc>Pauses the test executed for the given time.</doc>
<msg timestamp="20220924 01:10:12.427" level="INFO">Slept 3 seconds</msg>
<status status="PASS" starttime="20220924 01:10:09.426" endtime="20220924 01:10:12.427"/>
</kw>
<kw name="Click Element" library="SeleniumLibrary">
<arg>//a[@class='account-settings-toggle']</arg>
<doc>Click the element identified by ``locator``.</doc>
<msg timestamp="20220924 01:10:12.427" level="INFO">Clicking element '//a[@class='account-settings-toggle']'.</msg>
<status status="PASS" starttime="20220924 01:10:12.427" endtime="20220924 01:10:12.515"/>
</kw>
<kw name="Wait Until Page Contains Element" library="SeleniumLibrary">
<arg>//*[contains(@id,'dc_close-your-account_link')]</arg>
<arg>30</arg>
<doc>Waits until the element ``locator`` appears on the current page.</doc>
<status status="PASS" starttime="20220924 01:10:12.516" endtime="20220924 01:10:12.522"/>
</kw>
<kw name="Click Element" library="SeleniumLibrary">
<arg>//*[contains(@id,'dc_close-your-account_link')]</arg>
<doc>Click the element identified by ``locator``.</doc>
<msg timestamp="20220924 01:10:12.522" level="INFO">Clicking element '//*[contains(@id,'dc_close-your-account_link')]'.</msg>
<status status="PASS" starttime="20220924 01:10:12.522" endtime="20220924 01:10:12.578"/>
</kw>
<kw name="Wait Until Page Contains Element" library="SeleniumLibrary">
<arg>//*[contains(@class,'closing-account__steps')]</arg>
<doc>Waits until the element ``locator`` appears on the current page.</doc>
<status status="PASS" starttime="20220924 01:10:12.578" endtime="20220924 01:10:12.585"/>
</kw>
<kw name="Page Should Contain Element" library="SeleniumLibrary">
<arg>${cancel close my account button}</arg>
<doc>Verifies that element ``locator`` is found on the current page.</doc>
<msg timestamp="20220924 01:10:12.591" level="INFO">Current page contains element '//*[contains(@class,'button--cancel')]'.</msg>
<status status="PASS" starttime="20220924 01:10:12.586" endtime="20220924 01:10:12.591"/>
</kw>
<kw name="Page Should Contain Element" library="SeleniumLibrary">
<arg>${close my account button}</arg>
<doc>Verifies that element ``locator`` is found on the current page.</doc>
<msg timestamp="20220924 01:10:12.595" level="INFO">Current page contains element '//*[contains(@class,'--close-account')]'.</msg>
<status status="PASS" starttime="20220924 01:10:12.591" endtime="20220924 01:10:12.595"/>
</kw>
<kw name="Page Should Contain Element" library="SeleniumLibrary">
<arg>${link for security and privacy policy}</arg>
<doc>Verifies that element ``locator`` is found on the current page.</doc>
<msg timestamp="20220924 01:10:12.599" level="INFO">Current page contains element '//a[contains(@href,'pdf')]'.</msg>
<status status="PASS" starttime="20220924 01:10:12.595" endtime="20220924 01:10:12.599"/>
</kw>
<kw name="Page Should Contain Element" library="SeleniumLibrary">
<arg>${close button}</arg>
<doc>Verifies that element ``locator`` is found on the current page.</doc>
<msg timestamp="20220924 01:10:12.605" level="INFO">Current page contains element '//*[contains(@data-testid,'page_overlay_header_close')]'.</msg>
<status status="PASS" starttime="20220924 01:10:12.600" endtime="20220924 01:10:12.605"/>
</kw>
<status status="PASS" starttime="20220924 01:10:09.408" endtime="20220924 01:10:12.605"/>
</kw>
<kw name="Click Element" library="SeleniumLibrary">
<arg>${close my account button}</arg>
<doc>Click the element identified by ``locator``.</doc>
<msg timestamp="20220924 01:10:12.605" level="INFO">Clicking element '//*[contains(@class,'--close-account')]'.</msg>
<status status="PASS" starttime="20220924 01:10:12.605" endtime="20220924 01:10:12.656"/>
</kw>
<kw name="No option">
<kw name="Page Should Contain Checkbox" library="SeleniumLibrary">
<arg>//*[contains(@class,'dc-checkbox__input')]</arg>
<doc>Verifies checkbox ``locator`` is found from the current page.</doc>
<msg timestamp="20220924 01:10:12.753" level="INFO">Current page contains checkbox '//*[contains(@class,'dc-checkbox__input')]'.</msg>
<status status="PASS" starttime="20220924 01:10:12.656" endtime="20220924 01:10:12.754"/>
</kw>
<kw name="Page Should Contain Element" library="SeleniumLibrary">
<arg>//*[contains(@class,'dc-checkbox__input') and @value='false']</arg>
<doc>Verifies that element ``locator`` is found on the current page.</doc>
<msg timestamp="20220924 01:10:12.760" level="INFO">Current page contains element '//*[contains(@class,'dc-checkbox__input') and @value='false']'.</msg>
<status status="PASS" starttime="20220924 01:10:12.754" endtime="20220924 01:10:12.760"/>
</kw>
<kw name="Page Should Contain Element" library="SeleniumLibrary">
<arg>${input field other trading platform}</arg>
<doc>Verifies that element ``locator`` is found on the current page.</doc>
<msg timestamp="20220924 01:10:12.767" level="INFO">Current page contains element '//*[contains(@name,'other_trading_platforms')]'.</msg>
<status status="PASS" starttime="20220924 01:10:12.761" endtime="20220924 01:10:12.767"/>
</kw>
<kw name="Page Should Contain Element" library="SeleniumLibrary">
<arg>${input field do to improve}</arg>
<doc>Verifies that element ``locator`` is found on the current page.</doc>
<msg timestamp="20220924 01:10:12.773" level="INFO">Current page contains element '//*[contains(@name,'do_to_improve')]'.</msg>
<status status="PASS" starttime="20220924 01:10:12.767" endtime="20220924 01:10:12.773"/>
</kw>
<kw name="Page Should Contain Element" library="SeleniumLibrary">
<arg>${disabled continue button}</arg>
<doc>Verifies that element ``locator`` is found on the current page.</doc>
<msg timestamp="20220924 01:10:12.780" level="INFO">Current page contains element '//*[contains(@class,'dc-btn--primary ') and @disabled]'.</msg>
<status status="PASS" starttime="20220924 01:10:12.773" endtime="20220924 01:10:12.780"/>
</kw>
<kw name="Page Should Contain Element" library="SeleniumLibrary">
<arg>${back button}</arg>
<doc>Verifies that element ``locator`` is found on the current page.</doc>
<msg timestamp="20220924 01:10:12.787" level="INFO">Current page contains element '//*[contains(@class,'dc-btn dc-btn__effect dc-btn--secondary dc-btn__large')]'.</msg>
<status status="PASS" starttime="20220924 01:10:12.780" endtime="20220924 01:10:12.787"/>
</kw>
<status status="PASS" starttime="20220924 01:10:12.656" endtime="20220924 01:10:12.787"/>
</kw>
<kw name="Tick 1 option">
<kw name="Click Element" library="SeleniumLibrary">
<arg>${label checkbox financial priorities}</arg>
<doc>Click the element identified by ``locator``.</doc>
<msg timestamp="20220924 01:10:12.788" level="INFO">Clicking element '//*[contains(@name,'financial-priorities')]//parent::label[@class='dc-checkbox closing-account-reasons__checkbox']'.</msg>
<status status="PASS" starttime="20220924 01:10:12.788" endtime="20220924 01:10:12.829"/>
</kw>
<kw name="Page Should Contain Element" library="SeleniumLibrary">
<arg>//*[contains(@class,'dc-checkbox__input') and @value='false' and @name='stop-trading']</arg>
<doc>Verifies that element ``locator`` is found on the current page.</doc>
<msg timestamp="20220924 01:10:12.838" level="INFO">Current page contains element '//*[contains(@class,'dc-checkbox__input') and @value='false' and @name='stop-trading']'.</msg>
<status status="PASS" starttime="20220924 01:10:12.829" endtime="20220924 01:10:12.838"/>
</kw>
<kw name="Page Should Contain Element" library="SeleniumLibrary">
<arg>//*[contains(@class,'dc-checkbox__input') and @value='false' and @name='not-interested']</arg>
<doc>Verifies that element ``locator`` is found on the current page.</doc>
<msg timestamp="20220924 01:10:12.845" level="INFO">Current page contains element '//*[contains(@class,'dc-checkbox__input') and @value='false' and @name='not-interested']'.</msg>
<status status="PASS" starttime="20220924 01:10:12.838" endtime="20220924 01:10:12.845"/>
</kw>
<kw name="Page Should Contain Element" library="SeleniumLibrary">
<arg>//*[contains(@class,'dc-checkbox__input') and @value='false' and @name='another-website']</arg>
<doc>Verifies that element ``locator`` is found on the current page.</doc>
<msg timestamp="20220924 01:10:12.854" level="INFO">Current page contains element '//*[contains(@class,'dc-checkbox__input') and @value='false' and @name='another-website']'.</msg>
<status status="PASS" starttime="20220924 01:10:12.845" endtime="20220924 01:10:12.854"/>
</kw>
<kw name="Page Should Contain Element" library="SeleniumLibrary">
<arg>//*[contains(@class,'dc-checkbox__input') and @value='false' and @name='not-user-friendly']</arg>
<doc>Verifies that element ``locator`` is found on the current page.</doc>
<msg timestamp="20220924 01:10:12.861" level="INFO">Current page contains element '//*[contains(@class,'dc-checkbox__input') and @value='false' and @name='not-user-friendly']'.</msg>
<status status="PASS" starttime="20220924 01:10:12.854" endtime="20220924 01:10:12.861"/>
</kw>
<kw name="Page Should Contain Element" library="SeleniumLibrary">
<arg>//*[contains(@class,'dc-checkbox__input') and @value='false' and @name='difficult-transactions']</arg>
<doc>Verifies that element ``locator`` is found on the current page.</doc>
<msg timestamp="20220924 01:10:12.870" level="INFO">Current page contains element '//*[contains(@class,'dc-checkbox__input') and @value='false' and @name='difficult-transactions']'.</msg>
<status status="PASS" starttime="20220924 01:10:12.861" endtime="20220924 01:10:12.870"/>
</kw>
<kw name="Page Should Contain Element" library="SeleniumLibrary">
<arg>//*[contains(@class,'dc-checkbox__input') and @value='false' and @name='lack-of-features']</arg>
<doc>Verifies that element ``locator`` is found on the current page.</doc>
<msg timestamp="20220924 01:10:12.877" level="INFO">Current page contains element '//*[contains(@class,'dc-checkbox__input') and @value='false' and @name='lack-of-features']'.</msg>
<status status="PASS" starttime="20220924 01:10:12.870" endtime="20220924 01:10:12.877"/>
</kw>
<kw name="Page Should Contain Element" library="SeleniumLibrary">
<arg>//*[contains(@class,'dc-checkbox__input') and @value='false' and @name='unsatisfactory-service']</arg>
<doc>Verifies that element ``locator`` is found on the current page.</doc>
<msg timestamp="20220924 01:10:12.885" level="INFO">Current page contains element '//*[contains(@class,'dc-checkbox__input') and @value='false' and @name='unsatisfactory-service']'.</msg>
<status status="PASS" starttime="20220924 01:10:12.877" endtime="20220924 01:10:12.885"/>
</kw>
<kw name="Page Should Contain Element" library="SeleniumLibrary">
<arg>//*[contains(@class,'dc-checkbox__input') and @value='false' and @name='other-reasons']</arg>
<doc>Verifies that element ``locator`` is found on the current page.</doc>
<msg timestamp="20220924 01:10:12.893" level="INFO">Current page contains element '//*[contains(@class,'dc-checkbox__input') and @value='false' and @name='other-reasons']'.</msg>
<status status="PASS" starttime="20220924 01:10:12.885" endtime="20220924 01:10:12.893"/>
</kw>
<kw name="Click Element" library="SeleniumLibrary">
<arg>${input field other trading platform}</arg>
<doc>Click the element identified by ``locator``.</doc>
<msg timestamp="20220924 01:10:12.893" level="INFO">Clicking element '//*[contains(@name,'other_trading_platforms')]'.</msg>
<status status="PASS" starttime="20220924 01:10:12.893" endtime="20220924 01:10:12.922"/>
</kw>
<kw name="Press Keys" library="SeleniumLibrary">
<arg>${input field other trading platform}</arg>
<arg>CTRL+a+BACKSPACE</arg>
<doc>Simulates the user pressing key(s) to an element or on the active browser.</doc>
<msg timestamp="20220924 01:10:12.923" level="INFO">Sending key(s) ('CTRL+a+BACKSPACE',) to //*[contains(@name,'other_trading_platforms')] element.</msg>
<msg timestamp="20220924 01:10:13.207" level="INFO">Pressing special key CONTROL down.</msg>
<msg timestamp="20220924 01:10:13.208" level="INFO">Sending key a</msg>
<msg timestamp="20220924 01:10:13.208" level="INFO">Pressing special key BACKSPACE down.</msg>
<msg timestamp="20220924 01:10:13.208" level="INFO">Releasing special key CONTROL.</msg>
<msg timestamp="20220924 01:10:13.208" level="INFO">Releasing special key BACKSPACE.</msg>
<status status="PASS" starttime="20220924 01:10:12.923" endtime="20220924 01:10:13.222"/>
</kw>
<kw name="Input Text" library="SeleniumLibrary">
<arg>${input field other trading platform}</arg>
<arg>only 1 input</arg>
<doc>Types the given ``text`` into the text field identified by ``locator``.</doc>
<msg timestamp="20220924 01:10:13.223" level="INFO">Typing text 'only 1 input' into text field '//*[contains(@name,'other_trading_platforms')]'.</msg>
<status status="PASS" starttime="20220924 01:10:13.222" endtime="20220924 01:10:13.327"/>
</kw>
<kw name="Click Element" library="SeleniumLibrary">
<arg>${input field do to improve}</arg>
<doc>Click the element identified by ``locator``.</doc>
<msg timestamp="20220924 01:10:13.327" level="INFO">Clicking element '//*[contains(@name,'do_to_improve')]'.</msg>
<status status="PASS" starttime="20220924 01:10:13.327" endtime="20220924 01:10:13.355"/>
</kw>
<kw name="Press Keys" library="SeleniumLibrary">
<arg>${input field do to improve}</arg>
<arg>CTRL+a+BACKSPACE</arg>
<doc>Simulates the user pressing key(s) to an element or on the active browser.</doc>
<msg timestamp="20220924 01:10:13.356" level="INFO">Sending key(s) ('CTRL+a+BACKSPACE',) to //*[contains(@name,'do_to_improve')] element.</msg>
<msg timestamp="20220924 01:10:13.623" level="INFO">Pressing special key CONTROL down.</msg>
<msg timestamp="20220924 01:10:13.623" level="INFO">Sending key a</msg>
<msg timestamp="20220924 01:10:13.623" level="INFO">Pressing special key BACKSPACE down.</msg>
<msg timestamp="20220924 01:10:13.623" level="INFO">Releasing special key CONTROL.</msg>
<msg timestamp="20220924 01:10:13.623" level="INFO">Releasing special key BACKSPACE.</msg>
<status status="PASS" starttime="20220924 01:10:13.355" endtime="20220924 01:10:13.635"/>
</kw>
<kw name="Input Text" library="SeleniumLibrary">
<arg>${input field do to improve}</arg>
<arg>1 option chosen</arg>
<doc>Types the given ``text`` into the text field identified by ``locator``.</doc>
<msg timestamp="20220924 01:10:13.636" level="INFO">Typing text '1 option chosen' into text field '//*[contains(@name,'do_to_improve')]'.</msg>
<status status="PASS" starttime="20220924 01:10:13.635" endtime="20220924 01:10:13.734"/>
</kw>
<status status="PASS" starttime="20220924 01:10:12.787" endtime="20220924 01:10:13.734"/>
</kw>
<kw name="Tick 2 options">
<kw name="Click Element" library="SeleniumLibrary">
<arg>${label checkbox stop trading}</arg>
<doc>Click the element identified by ``locator``.</doc>
<msg timestamp="20220924 01:10:13.734" level="INFO">Clicking element '//*[contains(@name,'stop-trading')]//parent::label[@class='dc-checkbox closing-account-reasons__checkbox']'.</msg>
<status status="PASS" starttime="20220924 01:10:13.734" endtime="20220924 01:10:13.777"/>
</kw>
<kw name="Page Should Contain Element" library="SeleniumLibrary">
<arg>//*[contains(@class,'dc-checkbox__input') and @value='false' and @name='not-interested']</arg>
<doc>Verifies that element ``locator`` is found on the current page.</doc>
<msg timestamp="20220924 01:10:13.781" level="INFO">Current page contains element '//*[contains(@class,'dc-checkbox__input') and @value='false' and @name='not-interested']'.</msg>
<status status="PASS" starttime="20220924 01:10:13.777" endtime="20220924 01:10:13.781"/>
</kw>
<kw name="Page Should Contain Element" library="SeleniumLibrary">
<arg>//*[contains(@class,'dc-checkbox__input') and @value='false' and @name='another-website']</arg>
<doc>Verifies that element ``locator`` is found on the current page.</doc>
<msg timestamp="20220924 01:10:13.787" level="INFO">Current page contains element '//*[contains(@class,'dc-checkbox__input') and @value='false' and @name='another-website']'.</msg>
<status status="PASS" starttime="20220924 01:10:13.782" endtime="20220924 01:10:13.787"/>
</kw>
<kw name="Page Should Contain Element" library="SeleniumLibrary">
<arg>//*[contains(@class,'dc-checkbox__input') and @value='false' and @name='not-user-friendly']</arg>
<doc>Verifies that element ``locator`` is found on the current page.</doc>
<msg timestamp="20220924 01:10:13.791" level="INFO">Current page contains element '//*[contains(@class,'dc-checkbox__input') and @value='false' and @name='not-user-friendly']'.</msg>
<status status="PASS" starttime="20220924 01:10:13.787" endtime="20220924 01:10:13.791"/>
</kw>
<kw name="Page Should Contain Element" library="SeleniumLibrary">
<arg>//*[contains(@class,'dc-checkbox__input') and @value='false' and @name='difficult-transactions']</arg>
<doc>Verifies that element ``locator`` is found on the current page.</doc>
<msg timestamp="20220924 01:10:13.795" level="INFO">Current page contains element '//*[contains(@class,'dc-checkbox__input') and @value='false' and @name='difficult-transactions']'.</msg>
<status status="PASS" starttime="20220924 01:10:13.791" endtime="20220924 01:10:13.795"/>
</kw>
<kw name="Page Should Contain Element" library="SeleniumLibrary">
<arg>//*[contains(@class,'dc-checkbox__input') and @value='false' and @name='lack-of-features']</arg>
<doc>Verifies that element ``locator`` is found on the current page.</doc>
<msg timestamp="20220924 01:10:13.800" level="INFO">Current page contains element '//*[contains(@class,'dc-checkbox__input') and @value='false' and @name='lack-of-features']'.</msg>
<status status="PASS" starttime="20220924 01:10:13.795" endtime="20220924 01:10:13.800"/>
</kw>
<kw name="Page Should Contain Element" library="SeleniumLibrary">
<arg>//*[contains(@class,'dc-checkbox__input') and @value='false' and @name='unsatisfactory-service']</arg>
<doc>Verifies that element ``locator`` is found on the current page.</doc>
<msg timestamp="20220924 01:10:13.805" level="INFO">Current page contains element '//*[contains(@class,'dc-checkbox__input') and @value='false' and @name='unsatisfactory-service']'.</msg>
<status status="PASS" starttime="20220924 01:10:13.800" endtime="20220924 01:10:13.805"/>
</kw>
<kw name="Page Should Contain Element" library="SeleniumLibrary">
<arg>//*[contains(@class,'dc-checkbox__input') and @value='false' and @name='other-reasons']</arg>
<doc>Verifies that element ``locator`` is found on the current page.</doc>
<msg timestamp="20220924 01:10:13.809" level="INFO">Current page contains element '//*[contains(@class,'dc-checkbox__input') and @value='false' and @name='other-reasons']'.</msg>
<status status="PASS" starttime="20220924 01:10:13.805" endtime="20220924 01:10:13.809"/>
</kw>
<kw name="Click Element" library="SeleniumLibrary">
<arg>${input field other trading platform}</arg>
<doc>Click the element identified by ``locator``.</doc>
<msg timestamp="20220924 01:10:13.809" level="INFO">Clicking element '//*[contains(@name,'other_trading_platforms')]'.</msg>
<status status="PASS" starttime="20220924 01:10:13.809" endtime="20220924 01:10:13.828"/>
</kw>
<kw name="Press Keys" library="SeleniumLibrary">
<arg>${input field other trading platform}</arg>
<arg>CTRL+a+BACKSPACE</arg>
<doc>Simulates the user pressing key(s) to an element or on the active browser.</doc>
<msg timestamp="20220924 01:10:13.828" level="INFO">Sending key(s) ('CTRL+a+BACKSPACE',) to //*[contains(@name,'other_trading_platforms')] element.</msg>
<msg timestamp="20220924 01:10:14.106" level="INFO">Pressing special key CONTROL down.</msg>
<msg timestamp="20220924 01:10:14.107" level="INFO">Sending key a</msg>
<msg timestamp="20220924 01:10:14.107" level="INFO">Pressing special key BACKSPACE down.</msg>
<msg timestamp="20220924 01:10:14.107" level="INFO">Releasing special key CONTROL.</msg>
<msg timestamp="20220924 01:10:14.107" level="INFO">Releasing special key BACKSPACE.</msg>
<status status="PASS" starttime="20220924 01:10:13.828" endtime="20220924 01:10:14.126"/>
</kw>
<kw name="Input Text" library="SeleniumLibrary">
<arg>${input field other trading platform}</arg>
<arg>only 2 input</arg>
<doc>Types the given ``text`` into the text field identified by ``locator``.</doc>
<msg timestamp="20220924 01:10:14.126" level="INFO">Typing text 'only 2 input' into text field '//*[contains(@name,'other_trading_platforms')]'.</msg>
<status status="PASS" starttime="20220924 01:10:14.126" endtime="20220924 01:10:14.191"/>
</kw>
<kw name="Click Element" library="SeleniumLibrary">
<arg>${input field do to improve}</arg>
<doc>Click the element identified by ``locator``.</doc>
<msg timestamp="20220924 01:10:14.191" level="INFO">Clicking element '//*[contains(@name,'do_to_improve')]'.</msg>
<status status="PASS" starttime="20220924 01:10:14.191" endtime="20220924 01:10:14.215"/>
</kw>
<kw name="Press Keys" library="SeleniumLibrary">
<arg>${input field do to improve}</arg>
<arg>CTRL+a+BACKSPACE</arg>
<doc>Simulates the user pressing key(s) to an element or on the active browser.</doc>
<msg timestamp="20220924 01:10:14.216" level="INFO">Sending key(s) ('CTRL+a+BACKSPACE',) to //*[contains(@name,'do_to_improve')] element.</msg>
<msg timestamp="20220924 01:10:14.489" level="INFO">Pressing special key CONTROL down.</msg>
<msg timestamp="20220924 01:10:14.490" level="INFO">Sending key a</msg>
<msg timestamp="20220924 01:10:14.490" level="INFO">Pressing special key BACKSPACE down.</msg>
<msg timestamp="20220924 01:10:14.490" level="INFO">Releasing special key CONTROL.</msg>
<msg timestamp="20220924 01:10:14.490" level="INFO">Releasing special key BACKSPACE.</msg>
<status status="PASS" starttime="20220924 01:10:14.215" endtime="20220924 01:10:14.511"/>
</kw>
<kw name="Input Text" library="SeleniumLibrary">
<arg>${input field do to improve}</arg>
<arg>2 option chosen</arg>
<doc>Types the given ``text`` into the text field identified by ``locator``.</doc>
<msg timestamp="20220924 01:10:14.511" level="INFO">Typing text '2 option chosen' into text field '//*[contains(@name,'do_to_improve')]'.</msg>
<status status="PASS" starttime="20220924 01:10:14.511" endtime="20220924 01:10:14.589"/>
</kw>
<status status="PASS" starttime="20220924 01:10:13.734" endtime="20220924 01:10:14.589"/>
</kw>
<kw name="Tick 3 options">
<kw name="Click Element" library="SeleniumLibrary">
<arg>${label checkbox not interested}</arg>
<doc>Click the element identified by ``locator``.</doc>
<msg timestamp="20220924 01:10:14.589" level="INFO">Clicking element '//*[contains(@name,'not-interested')]//parent::label[@class='dc-checkbox closing-account-reasons__checkbox']'.</msg>
<status status="PASS" starttime="20220924 01:10:14.589" endtime="20220924 01:10:14.628"/>
</kw>
<kw name="Wait Until Page Contains Element" library="SeleniumLibrary">
<arg>//*[contains(@class,'dc-checkbox__input') and @value='false' and @name='another-website']</arg>
<arg>30</arg>
<doc>Waits until the element ``locator`` appears on the current page.</doc>
<status status="PASS" starttime="20220924 01:10:14.628" endtime="20220924 01:10:14.633"/>
</kw>
<kw name="Element Should Be Disabled" library="SeleniumLibrary">
<arg>//*[contains(@class,'dc-checkbox__input') and @value='false' and @name='another-website']</arg>
<doc>Verifies that element identified by ``locator`` is disabled.</doc>
<status status="PASS" starttime="20220924 01:10:14.633" endtime="20220924 01:10:14.642"/>
</kw>
<kw name="Element Should Be Disabled" library="SeleniumLibrary">
<arg>//*[contains(@class,'dc-checkbox__input') and @value='false' and @name='not-user-friendly']</arg>
<doc>Verifies that element identified by ``locator`` is disabled.</doc>
<status status="PASS" starttime="20220924 01:10:14.642" endtime="20220924 01:10:14.652"/>
</kw>
<kw name="Element Should Be Disabled" library="SeleniumLibrary">
<arg>//*[contains(@class,'dc-checkbox__input') and @value='false' and @name='difficult-transactions']</arg>
<doc>Verifies that element identified by ``locator`` is disabled.</doc>
<status status="PASS" starttime="20220924 01:10:14.653" endtime="20220924 01:10:14.661"/>
</kw>
<kw name="Element Should Be Disabled" library="SeleniumLibrary">
<arg>//*[contains(@class,'dc-checkbox__input') and @value='false' and @name='lack-of-features']</arg>
<doc>Verifies that element identified by ``locator`` is disabled.</doc>
<status status="PASS" starttime="20220924 01:10:14.661" endtime="20220924 01:10:14.671"/>
</kw>
<kw name="Element Should Be Disabled" library="SeleniumLibrary">
<arg>//*[contains(@class,'dc-checkbox__input') and @value='false' and @name='unsatisfactory-service']</arg>
<doc>Verifies that element identified by ``locator`` is disabled.</doc>
<status status="PASS" starttime="20220924 01:10:14.671" endtime="20220924 01:10:14.680"/>
</kw>
<kw name="Element Should Be Disabled" library="SeleniumLibrary">
<arg>//*[contains(@class,'dc-checkbox__input') and @value='false' and @name='other-reasons']</arg>
<doc>Verifies that element identified by ``locator`` is disabled.</doc>
<status status="PASS" starttime="20220924 01:10:14.680" endtime="20220924 01:10:14.690"/>
</kw>
<kw name="Click Element" library="SeleniumLibrary">
<arg>${input field other trading platform}</arg>
<doc>Click the element identified by ``locator``.</doc>
<msg timestamp="20220924 01:10:14.690" level="INFO">Clicking element '//*[contains(@name,'other_trading_platforms')]'.</msg>
<status status="PASS" starttime="20220924 01:10:14.690" endtime="20220924 01:10:14.708"/>
</kw>
<kw name="Press Keys" library="SeleniumLibrary">
<arg>${input field other trading platform}</arg>
<arg>CTRL+a+BACKSPACE</arg>
<doc>Simulates the user pressing key(s) to an element or on the active browser.</doc>
<msg timestamp="20220924 01:10:14.709" level="INFO">Sending key(s) ('CTRL+a+BACKSPACE',) to //*[contains(@name,'other_trading_platforms')] element.</msg>
<msg timestamp="20220924 01:10:14.989" level="INFO">Pressing special key CONTROL down.</msg>
<msg timestamp="20220924 01:10:14.989" level="INFO">Sending key a</msg>
<msg timestamp="20220924 01:10:14.990" level="INFO">Pressing special key BACKSPACE down.</msg>
<msg timestamp="20220924 01:10:14.990" level="INFO">Releasing special key CONTROL.</msg>
<msg timestamp="20220924 01:10:14.990" level="INFO">Releasing special key BACKSPACE.</msg>
<status status="PASS" starttime="20220924 01:10:14.709" endtime="20220924 01:10:15.011"/>
</kw>
<kw name="Input Text" library="SeleniumLibrary">
<arg>${input field other trading platform}</arg>
<arg>3 options chosen</arg>
<doc>Types the given ``text`` into the text field identified by ``locator``.</doc>
<msg timestamp="20220924 01:10:15.012" level="INFO">Typing text '3 options chosen' into text field '//*[contains(@name,'other_trading_platforms')]'.</msg>
<status status="PASS" starttime="20220924 01:10:15.011" endtime="20220924 01:10:15.092"/>
</kw>
<kw name="Click Element" library="SeleniumLibrary">
<arg>${input field do to improve}</arg>
<doc>Click the element identified by ``locator``.</doc>
<msg timestamp="20220924 01:10:15.093" level="INFO">Clicking element '//*[contains(@name,'do_to_improve')]'.</msg>
<status status="PASS" starttime="20220924 01:10:15.093" endtime="20220924 01:10:15.113"/>
</kw>
<kw name="Press Keys" library="SeleniumLibrary">
<arg>${input field do to improve}</arg>
<arg>CTRL+a+BACKSPACE</arg>
<doc>Simulates the user pressing key(s) to an element or on the active browser.</doc>
<msg timestamp="20220924 01:10:15.113" level="INFO">Sending key(s) ('CTRL+a+BACKSPACE',) to //*[contains(@name,'do_to_improve')] element.</msg>
<msg timestamp="20220924 01:10:15.378" level="INFO">Pressing special key CONTROL down.</msg>
<msg timestamp="20220924 01:10:15.378" level="INFO">Sending key a</msg>
<msg timestamp="20220924 01:10:15.378" level="INFO">Pressing special key BACKSPACE down.</msg>
<msg timestamp="20220924 01:10:15.378" level="INFO">Releasing special key CONTROL.</msg>
<msg timestamp="20220924 01:10:15.378" level="INFO">Releasing special key BACKSPACE.</msg>
<status status="PASS" starttime="20220924 01:10:15.113" endtime="20220924 01:10:15.402"/>
</kw>
<kw name="Input Text" library="SeleniumLibrary">
<arg>${input field do to improve}</arg>
<arg>3 options chosen</arg>
<doc>Types the given ``text`` into the text field identified by ``locator``.</doc>
<msg timestamp="20220924 01:10:15.403" level="INFO">Typing text '3 options chosen' into text field '//*[contains(@name,'do_to_improve')]'.</msg>
<status status="PASS" starttime="20220924 01:10:15.403" endtime="20220924 01:10:15.479"/>
</kw>
<status status="PASS" starttime="20220924 01:10:14.589" endtime="20220924 01:10:15.479"/>
</kw>
<kw name="Click Element" library="SeleniumLibrary">
<arg>${continue button}</arg>
<doc>Click the element identified by ``locator``.</doc>
<msg timestamp="20220924 01:10:15.480" level="INFO">Clicking element '//*[contains(@class,'dc-btn dc-btn__effect dc-btn--primary dc-btn__large')]'.</msg>
<status status="PASS" starttime="20220924 01:10:15.479" endtime="20220924 01:10:15.538"/>
</kw>
<kw name="Check prompt message">
<kw name="Page Should Contain Element" library="SeleniumLibrary">
<arg>//*[contains(@class,'account-closure-warning-modal')]</arg>
<doc>Verifies that element ``locator`` is found on the current page.</doc>
<msg timestamp="20220924 01:10:15.562" level="INFO">Current page contains element '//*[contains(@class,'account-closure-warning-modal')]'.</msg>
<status status="PASS" starttime="20220924 01:10:15.539" endtime="20220924 01:10:15.562"/>
</kw>
<kw name="Page Should Contain Element" library="SeleniumLibrary">
<arg>//*[contains(@class,'dc-btn--secondary dc-btn__large')]//child::span[contains(text(),'Go Back')]</arg>
<doc>Verifies that element ``locator`` is found on the current page.</doc>
<msg timestamp="20220924 01:10:15.572" level="INFO">Current page contains element '//*[contains(@class,'dc-btn--secondary dc-btn__large')]//child::span[contains(text(),'Go Back')]'.</msg>
<status status="PASS" starttime="20220924 01:10:15.562" endtime="20220924 01:10:15.572"/>
</kw>
<kw name="Page Should Contain Element" library="SeleniumLibrary">
<arg>//*[contains(@class,'dc-btn--primary')]//child::span[contains(text(),'Close account')]</arg>
<doc>Verifies that element ``locator`` is found on the current page.</doc>
<msg timestamp="20220924 01:10:15.578" level="INFO">Current page contains element '//*[contains(@class,'dc-btn--primary')]//child::span[contains(text(),'Close account')]'.</msg>
<status status="PASS" starttime="20220924 01:10:15.572" endtime="20220924 01:10:15.578"/>
</kw>
<kw name="Wait Until Element Is Visible" library="SeleniumLibrary">
<arg>//*[contains(@class,'dc-btn--primary')]//child::span[contains(text(),'Close account')]</arg>
<doc>Waits until the element ``locator`` is visible.</doc>
<status status="PASS" starttime="20220924 01:10:15.579" endtime="20220924 01:10:15.818"/>
</kw>
<kw name="Click Element" library="SeleniumLibrary">
<arg>//*[contains(@class,'dc-btn--primary')]//child::span[contains(text(),'Close account')]</arg>
<doc>Click the element identified by ``locator``.</doc>
<msg timestamp="20220924 01:10:15.819" level="INFO">Clicking element '//*[contains(@class,'dc-btn--primary')]//child::span[contains(text(),'Close account')]'.</msg>
<msg timestamp="20220924 01:10:17.001" level="INFO" html="true">&lt;/td&gt;&lt;/tr&gt;&lt;tr&gt;&lt;td colspan="3"&gt;&lt;a href="selenium-screenshot-19.png"&gt;&lt;img src="selenium-screenshot-19.png" width="800px"&gt;&lt;/a&gt;</msg>
<msg timestamp="20220924 01:10:17.001" level="FAIL">ElementClickInterceptedException: Message: element click intercepted: Element &lt;span class="dc-text dc-btn__text" style="--text-size:var(--text-size-xs); --text-color:var(--text-general); --text-lh:var(--text-lh-m); --text-weight:var(--text-weight-bold); --text-align:var(--text-align-center);"&gt;...&lt;/span&gt; is not clickable at point (1015, 581). Other element would receive the click: &lt;div class="account-closure-warning-modal"&gt;...&lt;/div&gt;
  (Session info: chrome=105.0.5195.102)
Stacktrace:
#0 0x557510ad7693 &lt;unknown&gt;
#1 0x5575108d0b0a &lt;unknown&gt;
#2 0x557510910f52 &lt;unknown&gt;
#3 0x55751090e9a0 &lt;unknown&gt;
#4 0x55751090bf74 &lt;unknown&gt;
#5 0x55751090ac97 &lt;unknown&gt;
#6 0x5575108fe551 &lt;unknown&gt;
#7 0x557510926922 &lt;unknown&gt;
#8 0x5575108fdd53 &lt;unknown&gt;
#9 0x557510926a8e &lt;unknown&gt;
#10 0x55751093a4b0 &lt;unknown&gt;
#11 0x557510926743 &lt;unknown&gt;
#12 0x5575108fc533 &lt;unknown&gt;
#13 0x5575108fd715 &lt;unknown&gt;
#14 0x557510b277bd &lt;unknown&gt;
#15 0x557510b2abf9 &lt;unknown&gt;
#16 0x557510b0cf2e &lt;unknown&gt;
#17 0x557510b2b9b3 &lt;unknown&gt;
#18 0x557510b00e4f &lt;unknown&gt;
#19 0x557510b4aea8 &lt;unknown&gt;
#20 0x557510b4b052 &lt;unknown&gt;
#21 0x557510b6571f &lt;unknown&gt;
#22 0x7f5a5c3ebb43 &lt;unknown&gt;
</msg>
<status status="FAIL" starttime="20220924 01:10:15.819" endtime="20220924 01:10:17.002"/>
</kw>
<status status="FAIL" starttime="20220924 01:10:15.538" endtime="20220924 01:10:17.002"/>
</kw>
<status status="FAIL" starttime="20220924 01:09:49.109" endtime="20220924 01:10:17.003">ElementClickInterceptedException: Message: element click intercepted: Element &lt;span class="dc-text dc-btn__text" style="--text-size:var(--text-size-xs); --text-color:var(--text-general); --text-lh:var(--text-lh-m); --text-weight:var(--text-weight-bold); --text-align:var(--text-align-center);"&gt;...&lt;/span&gt; is not clickable at point (1015, 581). Other element would receive the click: &lt;div class="account-closure-warning-modal"&gt;...&lt;/div&gt;
  (Session info: chrome=105.0.5195.102)
Stacktrace:
#0 0x557510ad7693 &lt;unknown&gt;
#1 0x5575108d0b0a &lt;unknown&gt;
#2 0x557510910f52 &lt;unknown&gt;
#3 0x55751090e9a0 &lt;unknown&gt;
#4 0x55751090bf74 &lt;unknown&gt;
#5 0x55751090ac97 &lt;unknown&gt;
#6 0x5575108fe551 &lt;unknown&gt;
#7 0x557510926922 &lt;unknown&gt;
#8 0x5575108fdd53 &lt;unknown&gt;
#9 0x557510926a8e &lt;unknown&gt;
#10 0x55751093a4b0 &lt;unknown&gt;
#11 0x557510926743 &lt;unknown&gt;
#12 0x5575108fc533 &lt;unknown&gt;
#13 0x5575108fd715 &lt;unknown&gt;
#14 0x557510b277bd &lt;unknown&gt;
#15 0x557510b2abf9 &lt;unknown&gt;
#16 0x557510b0cf2e &lt;unknown&gt;
#17 0x557510b2b9b3 &lt;unknown&gt;
#18 0x557510b00e4f &lt;unknown&gt;
#19 0x557510b4aea8 &lt;unknown&gt;
#20 0x557510b4b052 &lt;unknown&gt;
#21 0x557510b6571f &lt;unknown&gt;
#22 0x7f5a5c3ebb43 &lt;unknown&gt;
</status>
</test>
<status status="FAIL" starttime="20220924 01:09:49.007" endtime="20220924 01:10:17.003"/>
</suite>
<statistics>
<total>
<stat pass="0" fail="1" skip="0">All Tests</stat>
</total>
<tag>
</tag>
<suite>
<stat pass="0" fail="1" skip="0" id="s1" name="Account Closing">Account Closing</stat>
</suite>
</statistics>
<errors>
</errors>
</robot>
