<?xml version="1.0" encoding="UTF-8"?>
<robot generator="Robot 5.0.1 (Python 3.10.4 on linux)" generated="20220925 18:35:58.911" rpa="false" schemaversion="3">
<suite id="s1" name="Account Closing" source="/home/marianne/Desktop/myfirsttestcase/Day 8/account closing/account_closing.robot">
<test id="s1-t1" name="Verifying close your account page" line="138">
<kw name="Login To Deriv">
<kw name="Open Browser" library="SeleniumLibrary">
<arg>https://app.deriv.com/</arg>
<arg>Chrome</arg>
<doc>Opens a new browser instance to the optional ``url``.</doc>
<msg timestamp="20220925 18:35:58.999" level="INFO">Opening browser 'Chrome' to base url 'https://app.deriv.com/'.</msg>
<status status="PASS" starttime="20220925 18:35:58.999" endtime="20220925 18:36:17.085"/>
</kw>
<kw name="Maximize Browser Window" library="SeleniumLibrary">
<doc>Maximizes current browser window.</doc>
<status status="PASS" starttime="20220925 18:36:17.085" endtime="20220925 18:36:17.239"/>
</kw>
<kw name="Wait Until Page Contains Element" library="SeleniumLibrary">
<arg>//div[@class='btn-purchase__text_wrapper' and contains(.,'Fall')]</arg>
<arg>30</arg>
<doc>Waits until the element ``locator`` appears on the current page.</doc>
<status status="PASS" starttime="20220925 18:36:17.239" endtime="20220925 18:36:17.285"/>
</kw>
<kw name="Click Element" library="SeleniumLibrary">
<arg>dt_login_button</arg>
<doc>Click the element identified by ``locator``.</doc>
<msg timestamp="20220925 18:36:17.286" level="INFO">Clicking element 'dt_login_button'.</msg>
<status status="PASS" starttime="20220925 18:36:17.285" endtime="20220925 18:36:20.313"/>
</kw>
<kw name="Wait Until Page Contains Element" library="SeleniumLibrary">
<arg>//input[@type='email']</arg>
<arg>10</arg>
<doc>Waits until the element ``locator`` appears on the current page.</doc>
<status status="PASS" starttime="20220925 18:36:20.313" endtime="20220925 18:36:20.329"/>
</kw>
<kw name="Input Text" library="SeleniumLibrary">
<arg>//input[@type='email']</arg>
<arg>marianne+5@besquare.com.my</arg>
<doc>Types the given ``text`` into the text field identified by ``locator``.</doc>
<msg timestamp="20220925 18:36:20.329" level="INFO">Typing text 'marianne+5@besquare.com.my' into text field '//input[@type='email']'.</msg>
<status status="PASS" starttime="20220925 18:36:20.329" endtime="20220925 18:36:20.378"/>
</kw>
<kw name="Input Text" library="SeleniumLibrary">
<arg>//input[@type='password']</arg>
<arg>Abcd1234</arg>
<doc>Types the given ``text`` into the text field identified by ``locator``.</doc>
<msg timestamp="20220925 18:36:20.378" level="INFO">Typing text 'Abcd1234' into text field '//input[@type='password']'.</msg>
<status status="PASS" starttime="20220925 18:36:20.378" endtime="20220925 18:36:20.424"/>
</kw>
<kw name="Click Element" library="SeleniumLibrary">
<arg>//button[@type='submit']</arg>
<doc>Click the element identified by ``locator``.</doc>
<msg timestamp="20220925 18:36:20.424" level="INFO">Clicking element '//button[@type='submit']'.</msg>
<status status="PASS" starttime="20220925 18:36:20.424" endtime="20220925 18:36:22.438"/>
</kw>
<kw name="Wait Until Page Contains Element" library="SeleniumLibrary">
<arg>dt_core_account-info_acc-info</arg>
<arg>30</arg>
<doc>Waits until the element ``locator`` appears on the current page.</doc>
<status status="PASS" starttime="20220925 18:36:22.438" endtime="20220925 18:36:23.741"/>
</kw>
<status status="PASS" starttime="20220925 18:35:58.998" endtime="20220925 18:36:23.742"/>
</kw>
<kw name="Sleep" library="BuiltIn">
<arg>2</arg>
<doc>Pauses the test executed for the given time.</doc>
<msg timestamp="20220925 18:36:25.742" level="INFO">Slept 2 seconds</msg>
<status status="PASS" starttime="20220925 18:36:23.742" endtime="20220925 18:36:25.742"/>
</kw>
<kw name="Verify close accounts settings">
<kw name="Wait Until Element Is Visible" library="SeleniumLibrary">
<arg>//*[@class='dc-icon']</arg>
<arg>120</arg>
<doc>Waits until the element ``locator`` is visible.</doc>
<status status="PASS" starttime="20220925 18:36:25.743" endtime="20220925 18:36:25.825"/>
</kw>
<kw name="Sleep" library="BuiltIn">
<arg>3</arg>
<doc>Pauses the test executed for the given time.</doc>
<msg timestamp="20220925 18:36:28.826" level="INFO">Slept 3 seconds</msg>
<status status="PASS" starttime="20220925 18:36:25.825" endtime="20220925 18:36:28.826"/>
</kw>
<kw name="Click Element" library="SeleniumLibrary">
<arg>//a[@class='account-settings-toggle']</arg>
<doc>Click the element identified by ``locator``.</doc>
<msg timestamp="20220925 18:36:28.827" level="INFO">Clicking element '//a[@class='account-settings-toggle']'.</msg>
<status status="PASS" starttime="20220925 18:36:28.826" endtime="20220925 18:36:28.929"/>
</kw>
<kw name="Wait Until Page Contains Element" library="SeleniumLibrary">
<arg>//*[contains(@id,'dc_close-your-account_link')]</arg>
<arg>30</arg>
<doc>Waits until the element ``locator`` appears on the current page.</doc>
<status status="PASS" starttime="20220925 18:36:28.930" endtime="20220925 18:36:29.740"/>
</kw>
<kw name="Click Element" library="SeleniumLibrary">
<arg>//*[contains(@id,'dc_close-your-account_link')]</arg>
<doc>Click the element identified by ``locator``.</doc>
<msg timestamp="20220925 18:36:29.740" level="INFO">Clicking element '//*[contains(@id,'dc_close-your-account_link')]'.</msg>
<status status="PASS" starttime="20220925 18:36:29.740" endtime="20220925 18:36:29.827"/>
</kw>
<kw name="Wait Until Page Contains Element" library="SeleniumLibrary">
<arg>//*[contains(@class,'closing-account__steps')]</arg>
<doc>Waits until the element ``locator`` appears on the current page.</doc>
<status status="PASS" starttime="20220925 18:36:29.827" endtime="20220925 18:36:29.838"/>
</kw>
<kw name="Page Should Contain Element" library="SeleniumLibrary">
<arg>${cancel close my account button}</arg>
<doc>Verifies that element ``locator`` is found on the current page.</doc>
<msg timestamp="20220925 18:36:29.845" level="INFO">Current page contains element '//*[contains(@class,'button--cancel')]'.</msg>
<status status="PASS" starttime="20220925 18:36:29.838" endtime="20220925 18:36:29.845"/>
</kw>
<kw name="Page Should Contain Element" library="SeleniumLibrary">
<arg>${close my account button}</arg>
<doc>Verifies that element ``locator`` is found on the current page.</doc>
<msg timestamp="20220925 18:36:29.854" level="INFO">Current page contains element '//*[contains(@class,'--close-account')]'.</msg>
<status status="PASS" starttime="20220925 18:36:29.845" endtime="20220925 18:36:29.854"/>
</kw>
<kw name="Page Should Contain Element" library="SeleniumLibrary">
<arg>${link for security and privacy policy}</arg>
<doc>Verifies that element ``locator`` is found on the current page.</doc>
<msg timestamp="20220925 18:36:29.861" level="INFO">Current page contains element '//a[contains(@href,'pdf')]'.</msg>
<status status="PASS" starttime="20220925 18:36:29.854" endtime="20220925 18:36:29.861"/>
</kw>
<kw name="Page Should Contain Element" library="SeleniumLibrary">
<arg>${close button}</arg>
<doc>Verifies that element ``locator`` is found on the current page.</doc>
<msg timestamp="20220925 18:36:29.870" level="INFO">Current page contains element '//*[contains(@data-testid,'page_overlay_header_close')]'.</msg>
<status status="PASS" starttime="20220925 18:36:29.861" endtime="20220925 18:36:29.870"/>
</kw>
<status status="PASS" starttime="20220925 18:36:25.743" endtime="20220925 18:36:29.870"/>
</kw>
<kw name="Click cancel button">
<kw name="Click Element" library="SeleniumLibrary">
<arg>${cancel close my account button}</arg>
<doc>Click the element identified by ``locator``.</doc>
<msg timestamp="20220925 18:36:29.870" level="INFO">Clicking element '//*[contains(@class,'button--cancel')]'.</msg>
<status status="PASS" starttime="20220925 18:36:29.870" endtime="20220925 18:36:30.030"/>
</kw>
<kw name="Wait Until Page Contains Element" library="SeleniumLibrary">
<arg>//*[contains(@id,'dt_purchase_call_button')]</arg>
<arg>30</arg>
<doc>Waits until the element ``locator`` appears on the current page.</doc>
<status status="PASS" starttime="20220925 18:36:30.031" endtime="20220925 18:36:30.197"/>
</kw>
<kw name="Page Should Contain Element" library="SeleniumLibrary">
<arg>//*[contains(@id,'dt_purchase_call_button')]</arg>
<doc>Verifies that element ``locator`` is found on the current page.</doc>
<msg timestamp="20220925 18:36:30.217" level="INFO">Current page contains element '//*[contains(@id,'dt_purchase_call_button')]'.</msg>
<status status="PASS" starttime="20220925 18:36:30.198" endtime="20220925 18:36:30.217"/>
</kw>
<status status="PASS" starttime="20220925 18:36:29.870" endtime="20220925 18:36:30.218"/>
</kw>
<kw name="Verify close accounts settings">
<kw name="Wait Until Element Is Visible" library="SeleniumLibrary">
<arg>//*[@class='dc-icon']</arg>
<arg>120</arg>
<doc>Waits until the element ``locator`` is visible.</doc>
<status status="PASS" starttime="20220925 18:36:30.220" endtime="20220925 18:36:30.249"/>
</kw>
<kw name="Sleep" library="BuiltIn">
<arg>3</arg>
<doc>Pauses the test executed for the given time.</doc>
<msg timestamp="20220925 18:36:33.250" level="INFO">Slept 3 seconds</msg>
<status status="PASS" starttime="20220925 18:36:30.249" endtime="20220925 18:36:33.250"/>
</kw>
<kw name="Click Element" library="SeleniumLibrary">
<arg>//a[@class='account-settings-toggle']</arg>
<doc>Click the element identified by ``locator``.</doc>
<msg timestamp="20220925 18:36:33.250" level="INFO">Clicking element '//a[@class='account-settings-toggle']'.</msg>
<status status="PASS" starttime="20220925 18:36:33.250" endtime="20220925 18:36:33.359"/>
</kw>
<kw name="Wait Until Page Contains Element" library="SeleniumLibrary">
<arg>//*[contains(@id,'dc_close-your-account_link')]</arg>
<arg>30</arg>
<doc>Waits until the element ``locator`` appears on the current page.</doc>
<status status="PASS" starttime="20220925 18:36:33.359" endtime="20220925 18:36:33.367"/>
</kw>
<kw name="Click Element" library="SeleniumLibrary">
<arg>//*[contains(@id,'dc_close-your-account_link')]</arg>
<doc>Click the element identified by ``locator``.</doc>
<msg timestamp="20220925 18:36:33.368" level="INFO">Clicking element '//*[contains(@id,'dc_close-your-account_link')]'.</msg>
<status status="PASS" starttime="20220925 18:36:33.367" endtime="20220925 18:36:33.425"/>
</kw>
<kw name="Wait Until Page Contains Element" library="SeleniumLibrary">
<arg>//*[contains(@class,'closing-account__steps')]</arg>
<doc>Waits until the element ``locator`` appears on the current page.</doc>
<status status="PASS" starttime="20220925 18:36:33.425" endtime="20220925 18:36:33.433"/>
</kw>
<kw name="Page Should Contain Element" library="SeleniumLibrary">
<arg>${cancel close my account button}</arg>
<doc>Verifies that element ``locator`` is found on the current page.</doc>
<msg timestamp="20220925 18:36:33.437" level="INFO">Current page contains element '//*[contains(@class,'button--cancel')]'.</msg>
<status status="PASS" starttime="20220925 18:36:33.433" endtime="20220925 18:36:33.437"/>
</kw>
<kw name="Page Should Contain Element" library="SeleniumLibrary">
<arg>${close my account button}</arg>
<doc>Verifies that element ``locator`` is found on the current page.</doc>
<msg timestamp="20220925 18:36:33.441" level="INFO">Current page contains element '//*[contains(@class,'--close-account')]'.</msg>
<status status="PASS" starttime="20220925 18:36:33.437" endtime="20220925 18:36:33.441"/>
</kw>
<kw name="Page Should Contain Element" library="SeleniumLibrary">
<arg>${link for security and privacy policy}</arg>
<doc>Verifies that element ``locator`` is found on the current page.</doc>
<msg timestamp="20220925 18:36:33.447" level="INFO">Current page contains element '//a[contains(@href,'pdf')]'.</msg>
<status status="PASS" starttime="20220925 18:36:33.441" endtime="20220925 18:36:33.447"/>
</kw>
<kw name="Page Should Contain Element" library="SeleniumLibrary">
<arg>${close button}</arg>
<doc>Verifies that element ``locator`` is found on the current page.</doc>
<msg timestamp="20220925 18:36:33.452" level="INFO">Current page contains element '//*[contains(@data-testid,'page_overlay_header_close')]'.</msg>
<status status="PASS" starttime="20220925 18:36:33.447" endtime="20220925 18:36:33.452"/>
</kw>
<status status="PASS" starttime="20220925 18:36:30.219" endtime="20220925 18:36:33.452"/>
</kw>
<kw name="Click Element" library="SeleniumLibrary">
<arg>${close my account button}</arg>
<doc>Click the element identified by ``locator``.</doc>
<msg timestamp="20220925 18:36:33.452" level="INFO">Clicking element '//*[contains(@class,'--close-account')]'.</msg>
<status status="PASS" starttime="20220925 18:36:33.452" endtime="20220925 18:36:33.506"/>
</kw>
<kw name="No option">
<kw name="Page Should Contain Checkbox" library="SeleniumLibrary">
<arg>//*[contains(@class,'dc-checkbox__input')]</arg>
<doc>Verifies checkbox ``locator`` is found from the current page.</doc>
<msg timestamp="20220925 18:36:33.606" level="INFO">Current page contains checkbox '//*[contains(@class,'dc-checkbox__input')]'.</msg>
<status status="PASS" starttime="20220925 18:36:33.507" endtime="20220925 18:36:33.606"/>
</kw>
<kw name="Page Should Contain Element" library="SeleniumLibrary">
<arg>//*[contains(@class,'dc-checkbox__input') and @value='false']</arg>
<doc>Verifies that element ``locator`` is found on the current page.</doc>
<msg timestamp="20220925 18:36:33.613" level="INFO">Current page contains element '//*[contains(@class,'dc-checkbox__input') and @value='false']'.</msg>
<status status="PASS" starttime="20220925 18:36:33.606" endtime="20220925 18:36:33.613"/>
</kw>
<kw name="Page Should Contain Element" library="SeleniumLibrary">
<arg>${input field other trading platform}</arg>
<doc>Verifies that element ``locator`` is found on the current page.</doc>
<msg timestamp="20220925 18:36:33.620" level="INFO">Current page contains element '//*[contains(@name,'other_trading_platforms')]'.</msg>
<status status="PASS" starttime="20220925 18:36:33.613" endtime="20220925 18:36:33.620"/>
</kw>
<kw name="Page Should Contain Element" library="SeleniumLibrary">
<arg>${input field do to improve}</arg>
<doc>Verifies that element ``locator`` is found on the current page.</doc>
<msg timestamp="20220925 18:36:33.627" level="INFO">Current page contains element '//*[contains(@name,'do_to_improve')]'.</msg>
<status status="PASS" starttime="20220925 18:36:33.620" endtime="20220925 18:36:33.627"/>
</kw>
<kw name="Page Should Contain Element" library="SeleniumLibrary">
<arg>${disabled continue button}</arg>
<doc>Verifies that element ``locator`` is found on the current page.</doc>
<msg timestamp="20220925 18:36:33.634" level="INFO">Current page contains element '//*[contains(@class,'dc-btn--primary ') and @disabled]'.</msg>
<status status="PASS" starttime="20220925 18:36:33.627" endtime="20220925 18:36:33.634"/>
</kw>
<kw name="Page Should Contain Element" library="SeleniumLibrary">
<arg>${back button}</arg>
<doc>Verifies that element ``locator`` is found on the current page.</doc>
<msg timestamp="20220925 18:36:33.642" level="INFO">Current page contains element '//*[contains(@class,'dc-btn dc-btn__effect dc-btn--secondary dc-btn__large')]'.</msg>
<status status="PASS" starttime="20220925 18:36:33.634" endtime="20220925 18:36:33.642"/>
</kw>
<status status="PASS" starttime="20220925 18:36:33.506" endtime="20220925 18:36:33.643"/>
</kw>
<kw name="Tick 1 option">
<kw name="Click Element" library="SeleniumLibrary">
<arg>${label checkbox financial priorities}</arg>
<doc>Click the element identified by ``locator``.</doc>
<msg timestamp="20220925 18:36:33.643" level="INFO">Clicking element '//*[contains(@name,'financial-priorities')]//parent::label[@class='dc-checkbox closing-account-reasons__checkbox']'.</msg>
<status status="PASS" starttime="20220925 18:36:33.643" endtime="20220925 18:36:33.685"/>
</kw>
<kw name="Page Should Contain Element" library="SeleniumLibrary">
<arg>//*[contains(@class,'dc-checkbox__input') and @value='false' and @name='stop-trading']</arg>
<doc>Verifies that element ``locator`` is found on the current page.</doc>
<msg timestamp="20220925 18:36:33.693" level="INFO">Current page contains element '//*[contains(@class,'dc-checkbox__input') and @value='false' and @name='stop-trading']'.</msg>
<status status="PASS" starttime="20220925 18:36:33.685" endtime="20220925 18:36:33.694"/>
</kw>
<kw name="Page Should Contain Element" library="SeleniumLibrary">
<arg>//*[contains(@class,'dc-checkbox__input') and @value='false' and @name='not-interested']</arg>
<doc>Verifies that element ``locator`` is found on the current page.</doc>
<msg timestamp="20220925 18:36:33.702" level="INFO">Current page contains element '//*[contains(@class,'dc-checkbox__input') and @value='false' and @name='not-interested']'.</msg>
<status status="PASS" starttime="20220925 18:36:33.694" endtime="20220925 18:36:33.702"/>
</kw>
<kw name="Page Should Contain Element" library="SeleniumLibrary">
<arg>//*[contains(@class,'dc-checkbox__input') and @value='false' and @name='another-website']</arg>
<doc>Verifies that element ``locator`` is found on the current page.</doc>
<msg timestamp="20220925 18:36:33.708" level="INFO">Current page contains element '//*[contains(@class,'dc-checkbox__input') and @value='false' and @name='another-website']'.</msg>
<status status="PASS" starttime="20220925 18:36:33.702" endtime="20220925 18:36:33.709"/>
</kw>
<kw name="Page Should Contain Element" library="SeleniumLibrary">
<arg>//*[contains(@class,'dc-checkbox__input') and @value='false' and @name='not-user-friendly']</arg>
<doc>Verifies that element ``locator`` is found on the current page.</doc>
<msg timestamp="20220925 18:36:33.717" level="INFO">Current page contains element '//*[contains(@class,'dc-checkbox__input') and @value='false' and @name='not-user-friendly']'.</msg>
<status status="PASS" starttime="20220925 18:36:33.709" endtime="20220925 18:36:33.717"/>
</kw>
<kw name="Page Should Contain Element" library="SeleniumLibrary">
<arg>//*[contains(@class,'dc-checkbox__input') and @value='false' and @name='difficult-transactions']</arg>
<doc>Verifies that element ``locator`` is found on the current page.</doc>
<msg timestamp="20220925 18:36:33.727" level="INFO">Current page contains element '//*[contains(@class,'dc-checkbox__input') and @value='false' and @name='difficult-transactions']'.</msg>
<status status="PASS" starttime="20220925 18:36:33.718" endtime="20220925 18:36:33.727"/>
</kw>
<kw name="Page Should Contain Element" library="SeleniumLibrary">
<arg>//*[contains(@class,'dc-checkbox__input') and @value='false' and @name='lack-of-features']</arg>
<doc>Verifies that element ``locator`` is found on the current page.</doc>
<msg timestamp="20220925 18:36:33.736" level="INFO">Current page contains element '//*[contains(@class,'dc-checkbox__input') and @value='false' and @name='lack-of-features']'.</msg>
<status status="PASS" starttime="20220925 18:36:33.727" endtime="20220925 18:36:33.736"/>
</kw>
<kw name="Page Should Contain Element" library="SeleniumLibrary">
<arg>//*[contains(@class,'dc-checkbox__input') and @value='false' and @name='unsatisfactory-service']</arg>
<doc>Verifies that element ``locator`` is found on the current page.</doc>
<msg timestamp="20220925 18:36:33.743" level="INFO">Current page contains element '//*[contains(@class,'dc-checkbox__input') and @value='false' and @name='unsatisfactory-service']'.</msg>
<status status="PASS" starttime="20220925 18:36:33.736" endtime="20220925 18:36:33.743"/>
</kw>
<kw name="Page Should Contain Element" library="SeleniumLibrary">
<arg>//*[contains(@class,'dc-checkbox__input') and @value='false' and @name='other-reasons']</arg>
<doc>Verifies that element ``locator`` is found on the current page.</doc>
<msg timestamp="20220925 18:36:33.752" level="INFO">Current page contains element '//*[contains(@class,'dc-checkbox__input') and @value='false' and @name='other-reasons']'.</msg>
<status status="PASS" starttime="20220925 18:36:33.744" endtime="20220925 18:36:33.752"/>
</kw>
<kw name="Click Element" library="SeleniumLibrary">
<arg>${input field other trading platform}</arg>
<doc>Click the element identified by ``locator``.</doc>
<msg timestamp="20220925 18:36:33.752" level="INFO">Clicking element '//*[contains(@name,'other_trading_platforms')]'.</msg>
<status status="PASS" starttime="20220925 18:36:33.752" endtime="20220925 18:36:33.782"/>
</kw>
<kw name="Press Keys" library="SeleniumLibrary">
<arg>${input field other trading platform}</arg>
<arg>CTRL+a+BACKSPACE</arg>
<doc>Simulates the user pressing key(s) to an element or on the active browser.</doc>
<msg timestamp="20220925 18:36:33.783" level="INFO">Sending key(s) ('CTRL+a+BACKSPACE',) to //*[contains(@name,'other_trading_platforms')] element.</msg>
<msg timestamp="20220925 18:36:34.051" level="INFO">Pressing special key CONTROL down.</msg>
<msg timestamp="20220925 18:36:34.051" level="INFO">Sending key a</msg>
<msg timestamp="20220925 18:36:34.051" level="INFO">Pressing special key BACKSPACE down.</msg>
<msg timestamp="20220925 18:36:34.051" level="INFO">Releasing special key CONTROL.</msg>
<msg timestamp="20220925 18:36:34.051" level="INFO">Releasing special key BACKSPACE.</msg>
<status status="PASS" starttime="20220925 18:36:33.782" endtime="20220925 18:36:34.062"/>
</kw>
<kw name="Input Text" library="SeleniumLibrary">
<arg>${input field other trading platform}</arg>
<arg>only 1 input</arg>
<doc>Types the given ``text`` into the text field identified by ``locator``.</doc>
<msg timestamp="20220925 18:36:34.063" level="INFO">Typing text 'only 1 input' into text field '//*[contains(@name,'other_trading_platforms')]'.</msg>
<status status="PASS" starttime="20220925 18:36:34.062" endtime="20220925 18:36:34.145"/>
</kw>
<kw name="Click Element" library="SeleniumLibrary">
<arg>${input field do to improve}</arg>
<doc>Click the element identified by ``locator``.</doc>
<msg timestamp="20220925 18:36:34.146" level="INFO">Clicking element '//*[contains(@name,'do_to_improve')]'.</msg>
<status status="PASS" starttime="20220925 18:36:34.145" endtime="20220925 18:36:34.175"/>
</kw>
<kw name="Press Keys" library="SeleniumLibrary">
<arg>${input field do to improve}</arg>
<arg>CTRL+a+BACKSPACE</arg>
<doc>Simulates the user pressing key(s) to an element or on the active browser.</doc>
<msg timestamp="20220925 18:36:34.175" level="INFO">Sending key(s) ('CTRL+a+BACKSPACE',) to //*[contains(@name,'do_to_improve')] element.</msg>
<msg timestamp="20220925 18:36:34.456" level="INFO">Pressing special key CONTROL down.</msg>
<msg timestamp="20220925 18:36:34.456" level="INFO">Sending key a</msg>
<msg timestamp="20220925 18:36:34.456" level="INFO">Pressing special key BACKSPACE down.</msg>
<msg timestamp="20220925 18:36:34.456" level="INFO">Releasing special key CONTROL.</msg>
<msg timestamp="20220925 18:36:34.456" level="INFO">Releasing special key BACKSPACE.</msg>
<status status="PASS" starttime="20220925 18:36:34.175" endtime="20220925 18:36:34.461"/>
</kw>
<kw name="Input Text" library="SeleniumLibrary">
<arg>${input field do to improve}</arg>
<arg>1 option chosen</arg>
<doc>Types the given ``text`` into the text field identified by ``locator``.</doc>
<msg timestamp="20220925 18:36:34.461" level="INFO">Typing text '1 option chosen' into text field '//*[contains(@name,'do_to_improve')]'.</msg>
<status status="PASS" starttime="20220925 18:36:34.461" endtime="20220925 18:36:34.582"/>
</kw>
<status status="PASS" starttime="20220925 18:36:33.643" endtime="20220925 18:36:34.582"/>
</kw>
<kw name="Tick 2 options">
<kw name="Click Element" library="SeleniumLibrary">
<arg>${label checkbox stop trading}</arg>
<doc>Click the element identified by ``locator``.</doc>
<msg timestamp="20220925 18:36:34.583" level="INFO">Clicking element '//*[contains(@name,'stop-trading')]//parent::label[@class='dc-checkbox closing-account-reasons__checkbox']'.</msg>
<status status="PASS" starttime="20220925 18:36:34.583" endtime="20220925 18:36:34.626"/>
</kw>
<kw name="Page Should Contain Element" library="SeleniumLibrary">
<arg>//*[contains(@class,'dc-checkbox__input') and @value='false' and @name='not-interested']</arg>
<doc>Verifies that element ``locator`` is found on the current page.</doc>
<msg timestamp="20220925 18:36:34.632" level="INFO">Current page contains element '//*[contains(@class,'dc-checkbox__input') and @value='false' and @name='not-interested']'.</msg>
<status status="PASS" starttime="20220925 18:36:34.626" endtime="20220925 18:36:34.632"/>
</kw>
<kw name="Page Should Contain Element" library="SeleniumLibrary">
<arg>//*[contains(@class,'dc-checkbox__input') and @value='false' and @name='another-website']</arg>
<doc>Verifies that element ``locator`` is found on the current page.</doc>
<msg timestamp="20220925 18:36:34.636" level="INFO">Current page contains element '//*[contains(@class,'dc-checkbox__input') and @value='false' and @name='another-website']'.</msg>
<status status="PASS" starttime="20220925 18:36:34.632" endtime="20220925 18:36:34.636"/>
</kw>
<kw name="Page Should Contain Element" library="SeleniumLibrary">
<arg>//*[contains(@class,'dc-checkbox__input') and @value='false' and @name='not-user-friendly']</arg>
<doc>Verifies that element ``locator`` is found on the current page.</doc>
<msg timestamp="20220925 18:36:34.640" level="INFO">Current page contains element '//*[contains(@class,'dc-checkbox__input') and @value='false' and @name='not-user-friendly']'.</msg>
<status status="PASS" starttime="20220925 18:36:34.636" endtime="20220925 18:36:34.640"/>
</kw>
<kw name="Page Should Contain Element" library="SeleniumLibrary">
<arg>//*[contains(@class,'dc-checkbox__input') and @value='false' and @name='difficult-transactions']</arg>
<doc>Verifies that element ``locator`` is found on the current page.</doc>
<msg timestamp="20220925 18:36:34.645" level="INFO">Current page contains element '//*[contains(@class,'dc-checkbox__input') and @value='false' and @name='difficult-transactions']'.</msg>
<status status="PASS" starttime="20220925 18:36:34.640" endtime="20220925 18:36:34.645"/>
</kw>
<kw name="Page Should Contain Element" library="SeleniumLibrary">
<arg>//*[contains(@class,'dc-checkbox__input') and @value='false' and @name='lack-of-features']</arg>
<doc>Verifies that element ``locator`` is found on the current page.</doc>
<msg timestamp="20220925 18:36:34.649" level="INFO">Current page contains element '//*[contains(@class,'dc-checkbox__input') and @value='false' and @name='lack-of-features']'.</msg>
<status status="PASS" starttime="20220925 18:36:34.645" endtime="20220925 18:36:34.649"/>
</kw>
<kw name="Page Should Contain Element" library="SeleniumLibrary">
<arg>//*[contains(@class,'dc-checkbox__input') and @value='false' and @name='unsatisfactory-service']</arg>
<doc>Verifies that element ``locator`` is found on the current page.</doc>
<msg timestamp="20220925 18:36:34.654" level="INFO">Current page contains element '//*[contains(@class,'dc-checkbox__input') and @value='false' and @name='unsatisfactory-service']'.</msg>
<status status="PASS" starttime="20220925 18:36:34.650" endtime="20220925 18:36:34.654"/>
</kw>
<kw name="Page Should Contain Element" library="SeleniumLibrary">
<arg>//*[contains(@class,'dc-checkbox__input') and @value='false' and @name='other-reasons']</arg>
<doc>Verifies that element ``locator`` is found on the current page.</doc>
<msg timestamp="20220925 18:36:34.658" level="INFO">Current page contains element '//*[contains(@class,'dc-checkbox__input') and @value='false' and @name='other-reasons']'.</msg>
<status status="PASS" starttime="20220925 18:36:34.654" endtime="20220925 18:36:34.658"/>
</kw>
<kw name="Click Element" library="SeleniumLibrary">
<arg>${input field other trading platform}</arg>
<doc>Click the element identified by ``locator``.</doc>
<msg timestamp="20220925 18:36:34.658" level="INFO">Clicking element '//*[contains(@name,'other_trading_platforms')]'.</msg>
<status status="PASS" starttime="20220925 18:36:34.658" endtime="20220925 18:36:34.682"/>
</kw>
<kw name="Press Keys" library="SeleniumLibrary">
<arg>${input field other trading platform}</arg>
<arg>CTRL+a+BACKSPACE</arg>
<doc>Simulates the user pressing key(s) to an element or on the active browser.</doc>
<msg timestamp="20220925 18:36:34.682" level="INFO">Sending key(s) ('CTRL+a+BACKSPACE',) to //*[contains(@name,'other_trading_platforms')] element.</msg>
<msg timestamp="20220925 18:36:34.951" level="INFO">Pressing special key CONTROL down.</msg>
<msg timestamp="20220925 18:36:34.951" level="INFO">Sending key a</msg>
<msg timestamp="20220925 18:36:34.951" level="INFO">Pressing special key BACKSPACE down.</msg>
<msg timestamp="20220925 18:36:34.951" level="INFO">Releasing special key CONTROL.</msg>
<msg timestamp="20220925 18:36:34.951" level="INFO">Releasing special key BACKSPACE.</msg>
<status status="PASS" starttime="20220925 18:36:34.682" endtime="20220925 18:36:34.969"/>
</kw>
<kw name="Input Text" library="SeleniumLibrary">
<arg>${input field other trading platform}</arg>
<arg>only 2 input</arg>
<doc>Types the given ``text`` into the text field identified by ``locator``.</doc>
<msg timestamp="20220925 18:36:34.970" level="INFO">Typing text 'only 2 input' into text field '//*[contains(@name,'other_trading_platforms')]'.</msg>
<status status="PASS" starttime="20220925 18:36:34.969" endtime="20220925 18:36:35.046"/>
</kw>
<kw name="Click Element" library="SeleniumLibrary">
<arg>${input field do to improve}</arg>
<doc>Click the element identified by ``locator``.</doc>
<msg timestamp="20220925 18:36:35.047" level="INFO">Clicking element '//*[contains(@name,'do_to_improve')]'.</msg>
<status status="PASS" starttime="20220925 18:36:35.047" endtime="20220925 18:36:35.070"/>
</kw>
<kw name="Press Keys" library="SeleniumLibrary">
<arg>${input field do to improve}</arg>
<arg>CTRL+a+BACKSPACE</arg>
<doc>Simulates the user pressing key(s) to an element or on the active browser.</doc>
<msg timestamp="20220925 18:36:35.070" level="INFO">Sending key(s) ('CTRL+a+BACKSPACE',) to //*[contains(@name,'do_to_improve')] element.</msg>
<msg timestamp="20220925 18:36:35.336" level="INFO">Pressing special key CONTROL down.</msg>
<msg timestamp="20220925 18:36:35.336" level="INFO">Sending key a</msg>
<msg timestamp="20220925 18:36:35.337" level="INFO">Pressing special key BACKSPACE down.</msg>
<msg timestamp="20220925 18:36:35.337" level="INFO">Releasing special key CONTROL.</msg>
<msg timestamp="20220925 18:36:35.337" level="INFO">Releasing special key BACKSPACE.</msg>
<status status="PASS" starttime="20220925 18:36:35.070" endtime="20220925 18:36:35.350"/>
</kw>
<kw name="Input Text" library="SeleniumLibrary">
<arg>${input field do to improve}</arg>
<arg>2 option chosen</arg>
<doc>Types the given ``text`` into the text field identified by ``locator``.</doc>
<msg timestamp="20220925 18:36:35.351" level="INFO">Typing text '2 option chosen' into text field '//*[contains(@name,'do_to_improve')]'.</msg>
<status status="PASS" starttime="20220925 18:36:35.351" endtime="20220925 18:36:35.431"/>
</kw>
<status status="PASS" starttime="20220925 18:36:34.582" endtime="20220925 18:36:35.431"/>
</kw>
<kw name="Tick 3 options">
<kw name="Click Element" library="SeleniumLibrary">
<arg>${label checkbox not interested}</arg>
<doc>Click the element identified by ``locator``.</doc>
<msg timestamp="20220925 18:36:35.431" level="INFO">Clicking element '//*[contains(@name,'not-interested')]//parent::label[@class='dc-checkbox closing-account-reasons__checkbox']'.</msg>
<status status="PASS" starttime="20220925 18:36:35.431" endtime="20220925 18:36:35.476"/>
</kw>
<kw name="Wait Until Page Contains Element" library="SeleniumLibrary">
<arg>//*[contains(@class,'dc-checkbox__input') and @value='false' and @name='another-website']</arg>
<arg>30</arg>
<doc>Waits until the element ``locator`` appears on the current page.</doc>
<status status="PASS" starttime="20220925 18:36:35.476" endtime="20220925 18:36:35.481"/>
</kw>
<kw name="Element Should Be Disabled" library="SeleniumLibrary">
<arg>//*[contains(@class,'dc-checkbox__input') and @value='false' and @name='another-website']</arg>
<doc>Verifies that element identified by ``locator`` is disabled.</doc>
<status status="PASS" starttime="20220925 18:36:35.481" endtime="20220925 18:36:35.489"/>
</kw>
<kw name="Element Should Be Disabled" library="SeleniumLibrary">
<arg>//*[contains(@class,'dc-checkbox__input') and @value='false' and @name='not-user-friendly']</arg>
<doc>Verifies that element identified by ``locator`` is disabled.</doc>
<status status="PASS" starttime="20220925 18:36:35.489" endtime="20220925 18:36:35.500"/>
</kw>
<kw name="Element Should Be Disabled" library="SeleniumLibrary">
<arg>//*[contains(@class,'dc-checkbox__input') and @value='false' and @name='difficult-transactions']</arg>
<doc>Verifies that element identified by ``locator`` is disabled.</doc>
<status status="PASS" starttime="20220925 18:36:35.500" endtime="20220925 18:36:35.511"/>
</kw>
<kw name="Element Should Be Disabled" library="SeleniumLibrary">
<arg>//*[contains(@class,'dc-checkbox__input') and @value='false' and @name='lack-of-features']</arg>
<doc>Verifies that element identified by ``locator`` is disabled.</doc>
<status status="PASS" starttime="20220925 18:36:35.511" endtime="20220925 18:36:35.522"/>
</kw>
<kw name="Element Should Be Disabled" library="SeleniumLibrary">
<arg>//*[contains(@class,'dc-checkbox__input') and @value='false' and @name='unsatisfactory-service']</arg>
<doc>Verifies that element identified by ``locator`` is disabled.</doc>
<status status="PASS" starttime="20220925 18:36:35.522" endtime="20220925 18:36:35.532"/>
</kw>
<kw name="Element Should Be Disabled" library="SeleniumLibrary">
<arg>//*[contains(@class,'dc-checkbox__input') and @value='false' and @name='other-reasons']</arg>
<doc>Verifies that element identified by ``locator`` is disabled.</doc>
<status status="PASS" starttime="20220925 18:36:35.532" endtime="20220925 18:36:35.540"/>
</kw>
<kw name="Click Element" library="SeleniumLibrary">
<arg>${input field other trading platform}</arg>
<doc>Click the element identified by ``locator``.</doc>
<msg timestamp="20220925 18:36:35.541" level="INFO">Clicking element '//*[contains(@name,'other_trading_platforms')]'.</msg>
<status status="PASS" starttime="20220925 18:36:35.540" endtime="20220925 18:36:35.563"/>
</kw>
<kw name="Press Keys" library="SeleniumLibrary">
<arg>${input field other trading platform}</arg>
<arg>CTRL+a+BACKSPACE</arg>
<doc>Simulates the user pressing key(s) to an element or on the active browser.</doc>
<msg timestamp="20220925 18:36:35.563" level="INFO">Sending key(s) ('CTRL+a+BACKSPACE',) to //*[contains(@name,'other_trading_platforms')] element.</msg>
<msg timestamp="20220925 18:36:35.839" level="INFO">Pressing special key CONTROL down.</msg>
<msg timestamp="20220925 18:36:35.839" level="INFO">Sending key a</msg>
<msg timestamp="20220925 18:36:35.839" level="INFO">Pressing special key BACKSPACE down.</msg>
<msg timestamp="20220925 18:36:35.839" level="INFO">Releasing special key CONTROL.</msg>
<msg timestamp="20220925 18:36:35.839" level="INFO">Releasing special key BACKSPACE.</msg>
<status status="PASS" starttime="20220925 18:36:35.563" endtime="20220925 18:36:35.853"/>
</kw>
<kw name="Input Text" library="SeleniumLibrary">
<arg>${input field other trading platform}</arg>
<arg>3 options chosen</arg>
<doc>Types the given ``text`` into the text field identified by ``locator``.</doc>
<msg timestamp="20220925 18:36:35.853" level="INFO">Typing text '3 options chosen' into text field '//*[contains(@name,'other_trading_platforms')]'.</msg>
<status status="PASS" starttime="20220925 18:36:35.853" endtime="20220925 18:36:35.931"/>
</kw>
<kw name="Click Element" library="SeleniumLibrary">
<arg>${input field do to improve}</arg>
<doc>Click the element identified by ``locator``.</doc>
<msg timestamp="20220925 18:36:35.932" level="INFO">Clicking element '//*[contains(@name,'do_to_improve')]'.</msg>
<status status="PASS" starttime="20220925 18:36:35.931" endtime="20220925 18:36:35.955"/>
</kw>
<kw name="Press Keys" library="SeleniumLibrary">
<arg>${input field do to improve}</arg>
<arg>CTRL+a+BACKSPACE</arg>
<doc>Simulates the user pressing key(s) to an element or on the active browser.</doc>
<msg timestamp="20220925 18:36:35.955" level="INFO">Sending key(s) ('CTRL+a+BACKSPACE',) to //*[contains(@name,'do_to_improve')] element.</msg>
<msg timestamp="20220925 18:36:36.221" level="INFO">Pressing special key CONTROL down.</msg>
<msg timestamp="20220925 18:36:36.221" level="INFO">Sending key a</msg>
<msg timestamp="20220925 18:36:36.221" level="INFO">Pressing special key BACKSPACE down.</msg>
<msg timestamp="20220925 18:36:36.221" level="INFO">Releasing special key CONTROL.</msg>
<msg timestamp="20220925 18:36:36.221" level="INFO">Releasing special key BACKSPACE.</msg>
<status status="PASS" starttime="20220925 18:36:35.955" endtime="20220925 18:36:36.234"/>
</kw>
<kw name="Input Text" library="SeleniumLibrary">
<arg>${input field do to improve}</arg>
<arg>3 options chosen</arg>
<doc>Types the given ``text`` into the text field identified by ``locator``.</doc>
<msg timestamp="20220925 18:36:36.235" level="INFO">Typing text '3 options chosen' into text field '//*[contains(@name,'do_to_improve')]'.</msg>
<status status="PASS" starttime="20220925 18:36:36.235" endtime="20220925 18:36:36.308"/>
</kw>
<status status="PASS" starttime="20220925 18:36:35.431" endtime="20220925 18:36:36.309"/>
</kw>
<kw name="Click Element" library="SeleniumLibrary">
<arg>${continue button}</arg>
<doc>Click the element identified by ``locator``.</doc>
<msg timestamp="20220925 18:36:36.309" level="INFO">Clicking element '//*[contains(@class,'dc-btn dc-btn__effect dc-btn--primary dc-btn__large')]'.</msg>
<status status="PASS" starttime="20220925 18:36:36.309" endtime="20220925 18:36:36.375"/>
</kw>
<kw name="Check prompt message">
<kw name="Page Should Contain Element" library="SeleniumLibrary">
<arg>//*[contains(@class,'account-closure-warning-modal')]</arg>
<doc>Verifies that element ``locator`` is found on the current page.</doc>
<msg timestamp="20220925 18:36:36.395" level="INFO">Current page contains element '//*[contains(@class,'account-closure-warning-modal')]'.</msg>
<status status="PASS" starttime="20220925 18:36:36.377" endtime="20220925 18:36:36.395"/>
</kw>
<kw name="Page Should Contain Element" library="SeleniumLibrary">
<arg>//*[contains(@class,'dc-btn--secondary dc-btn__large')]//child::span[contains(text(),'Go Back')]</arg>
<doc>Verifies that element ``locator`` is found on the current page.</doc>
<msg timestamp="20220925 18:36:36.405" level="INFO">Current page contains element '//*[contains(@class,'dc-btn--secondary dc-btn__large')]//child::span[contains(text(),'Go Back')]'.</msg>
<status status="PASS" starttime="20220925 18:36:36.396" endtime="20220925 18:36:36.405"/>
</kw>
<kw name="Page Should Contain Element" library="SeleniumLibrary">
<arg>//*[contains(@class,'dc-btn--primary')]//child::span[contains(text(),'Close account')]</arg>
<doc>Verifies that element ``locator`` is found on the current page.</doc>
<msg timestamp="20220925 18:36:36.416" level="INFO">Current page contains element '//*[contains(@class,'dc-btn--primary')]//child::span[contains(text(),'Close account')]'.</msg>
<status status="PASS" starttime="20220925 18:36:36.406" endtime="20220925 18:36:36.416"/>
</kw>
<kw name="Wait Until Element Is Visible" library="SeleniumLibrary">
<arg>//*[contains(text(),'Close account')]</arg>
<doc>Waits until the element ``locator`` is visible.</doc>
<status status="PASS" starttime="20220925 18:36:36.416" endtime="20220925 18:36:36.656"/>
</kw>
<kw name="Click Element" library="SeleniumLibrary">
<arg>//*[@class="dc-btn dc-btn__effect dc-btn--primary dc-btn__large" and contains(.,'Close account')]</arg>
<doc>Click the element identified by ``locator``.</doc>
<msg timestamp="20220925 18:36:36.657" level="INFO">Clicking element '//*[@class="dc-btn dc-btn__effect dc-btn--primary dc-btn__large" and contains(.,'Close account')]'.</msg>
<status status="PASS" starttime="20220925 18:36:36.656" endtime="20220925 18:36:36.700"/>
</kw>
<status status="PASS" starttime="20220925 18:36:36.376" endtime="20220925 18:36:36.700"/>
</kw>
<status status="PASS" starttime="20220925 18:35:58.998" endtime="20220925 18:36:36.700"/>
</test>
<status status="PASS" starttime="20220925 18:35:58.911" endtime="20220925 18:36:36.701"/>
</suite>
<statistics>
<total>
<stat pass="1" fail="0" skip="0">All Tests</stat>
</total>
<tag>
</tag>
<suite>
<stat pass="1" fail="0" skip="0" id="s1" name="Account Closing">Account Closing</stat>
</suite>
</statistics>
<errors>
</errors>
</robot>
